{"numTotalTestSuites":6,"numPassedTestSuites":3,"numFailedTestSuites":3,"numPendingTestSuites":0,"numTotalTests":6,"numPassedTests":3,"numFailedTests":3,"numPendingTests":0,"numTodoTests":0,"snapshot":{"added":0,"failure":false,"filesAdded":0,"filesRemoved":0,"filesRemovedList":[],"filesUnmatched":0,"filesUpdated":0,"matched":0,"total":0,"unchecked":0,"uncheckedKeysByFile":[],"unmatched":0,"updated":0,"didUpdate":false},"startTime":1756819368283,"success":false,"testResults":[{"assertionResults":[{"ancestorTitles":["Smoke Tests - Complete Upload Process","End-to-End Upload Process"],"fullName":"Smoke Tests - Complete Upload Process End-to-End Upload Process should complete entire upload and validation workflow","status":"failed","title":"should complete entire upload and validation workflow","duration":5778.0072,"failureMessages":["AssertionError: expected [ 'ready_for_submission', …(1) ] to include 'awaiting_validation'\n    at Proxy.<anonymous> (file:///C:/Users/holge/EU-VAT-Refund-Project/vat-refund-app/functions/node_modules/@vitest/expect/dist/index.js:1191:15)\n    at Proxy.<anonymous> (file:///C:/Users/holge/EU-VAT-Refund-Project/vat-refund-app/functions/node_modules/@vitest/expect/dist/index.js:1029:14)\n    at Proxy.methodWrapper (file:///C:/Users/holge/EU-VAT-Refund-Project/vat-refund-app/functions/node_modules/chai/index.js:1686:25)\n    at C:\\Users\\holge\\EU-VAT-Refund-Project\\vat-refund-app\\functions\\src\\tests\\smoke\\upload.smoke.test.ts:178:10\n    at processTicksAndRejections (node:internal/process/task_queues:105:5)\n    at file:///C:/Users/holge/EU-VAT-Refund-Project/vat-refund-app/functions/node_modules/@vitest/runner/dist/chunk-hooks.js:752:20"],"location":{"line":81,"column":5},"meta":{}},{"ancestorTitles":["Smoke Tests - Complete Upload Process","End-to-End Upload Process"],"fullName":"Smoke Tests - Complete Upload Process End-to-End Upload Process should handle upload of document with no refundable items","status":"failed","title":"should handle upload of document with no refundable items","duration":5099.839099999999,"failureMessages":["AssertionError: expected 'awaiting_validation' to be 'validation_error' // Object.is equality\n    at C:\\Users\\holge\\EU-VAT-Refund-Project\\vat-refund-app\\functions\\src\\tests\\smoke\\upload.smoke.test.ts:294:33\n    at processTicksAndRejections (node:internal/process/task_queues:105:5)\n    at file:///C:/Users/holge/EU-VAT-Refund-Project/vat-refund-app/functions/node_modules/@vitest/runner/dist/chunk-hooks.js:752:20"],"location":{"line":244,"column":5},"meta":{}},{"ancestorTitles":["Smoke Tests - Complete Upload Process","End-to-End Upload Process"],"fullName":"Smoke Tests - Complete Upload Process End-to-End Upload Process should handle document processing errors gracefully","status":"failed","title":"should handle document processing errors gracefully","duration":3082.148500000001,"failureMessages":["AssertionError: expected 'awaiting_validation' to be 'validation_error' // Object.is equality\n    at C:\\Users\\holge\\EU-VAT-Refund-Project\\vat-refund-app\\functions\\src\\tests\\smoke\\upload.smoke.test.ts:342:33\n    at processTicksAndRejections (node:internal/process/task_queues:105:5)\n    at file:///C:/Users/holge/EU-VAT-Refund-Project/vat-refund-app/functions/node_modules/@vitest/runner/dist/chunk-hooks.js:752:20"],"location":{"line":308,"column":5},"meta":{}}],"startTime":1756819369107,"endTime":1756819383067.1484,"status":"failed","message":"","name":"C:/Users/holge/EU-VAT-Refund-Project/vat-refund-app/functions/src/tests/smoke/upload.smoke.test.ts"},{"assertionResults":[{"ancestorTitles":["Smoke Tests - VAT Refund Workflow","Complete Workflow Simulation"],"fullName":"Smoke Tests - VAT Refund Workflow Complete Workflow Simulation should process complete business trip invoice workflow","status":"passed","title":"should process complete business trip invoice workflow","duration":214.13739999999984,"failureMessages":[],"location":{"line":55,"column":5},"meta":{}},{"ancestorTitles":["Smoke Tests - VAT Refund Workflow","Complete Workflow Simulation"],"fullName":"Smoke Tests - VAT Refund Workflow Complete Workflow Simulation should handle mixed refundable and non-refundable items","status":"passed","title":"should handle mixed refundable and non-refundable items","duration":61.475599999999986,"failureMessages":[],"location":{"line":171,"column":5},"meta":{}},{"ancestorTitles":["Smoke Tests - VAT Refund Workflow","Complete Workflow Simulation"],"fullName":"Smoke Tests - VAT Refund Workflow Complete Workflow Simulation should handle document with validation errors","status":"passed","title":"should handle document with validation errors","duration":41.617100000000164,"failureMessages":[],"location":{"line":275,"column":5},"meta":{}}],"startTime":1756819369031,"endTime":1756819369348.6172,"status":"passed","message":"","name":"C:/Users/holge/EU-VAT-Refund-Project/vat-refund-app/functions/src/tests/smoke/workflow.smoke.test.ts"}]}