{"numTotalTestSuites":5,"numPassedTestSuites":5,"numFailedTestSuites":0,"numPendingTestSuites":0,"numTotalTests":8,"numPassedTests":8,"numFailedTests":0,"numPendingTests":0,"numTodoTests":0,"snapshot":{"added":0,"failure":false,"filesAdded":0,"filesRemoved":0,"filesRemovedList":[],"filesUnmatched":0,"filesUpdated":0,"matched":0,"total":0,"unchecked":0,"uncheckedKeysByFile":[],"unmatched":0,"updated":0,"didUpdate":false},"startTime":1756975455279,"success":true,"testResults":[{"assertionResults":[{"ancestorTitles":["StatusTransitionGuard","Basic Transition Validation"],"fullName":"StatusTransitionGuard Basic Transition Validation should allow valid transitions","status":"passed","title":"should allow valid transitions","duration":1.4017000000000053,"failureMessages":[],"location":{"line":35,"column":5},"meta":{}},{"ancestorTitles":["StatusTransitionGuard","Basic Transition Validation"],"fullName":"StatusTransitionGuard Basic Transition Validation should reject invalid transitions","status":"passed","title":"should reject invalid transitions","duration":0.19920000000001892,"failureMessages":[],"location":{"line":46,"column":5},"meta":{}},{"ancestorTitles":["StatusTransitionGuard","Basic Transition Validation"],"fullName":"StatusTransitionGuard Basic Transition Validation should reject transitions from final states","status":"passed","title":"should reject transitions from final states","duration":0.09350000000006276,"failureMessages":[],"location":{"line":57,"column":5},"meta":{}},{"ancestorTitles":["StatusTransitionGuard","Business Logic Validation"],"fullName":"StatusTransitionGuard Business Logic Validation should require file size for processing","status":"passed","title":"should require file size for processing","duration":0.11609999999996035,"failureMessages":[],"location":{"line":70,"column":5},"meta":{}},{"ancestorTitles":["StatusTransitionGuard","Business Logic Validation"],"fullName":"StatusTransitionGuard Business Logic Validation should require extracted data for validation","status":"passed","title":"should require extracted data for validation","duration":0.08830000000000382,"failureMessages":[],"location":{"line":86,"column":5},"meta":{}},{"ancestorTitles":["StatusTransitionGuard","Business Logic Validation"],"fullName":"StatusTransitionGuard Business Logic Validation should warn about low amounts","status":"passed","title":"should warn about low amounts","duration":0.5947999999999638,"failureMessages":[],"location":{"line":102,"column":5},"meta":{}},{"ancestorTitles":["StatusTransitionGuard","Permission Validation"],"fullName":"StatusTransitionGuard Permission Validation should require admin for admin-only transitions","status":"passed","title":"should require admin for admin-only transitions","duration":0.15210000000001855,"failureMessages":[],"location":{"line":121,"column":5},"meta":{}},{"ancestorTitles":["StatusTransitionGuard","Permission Validation"],"fullName":"StatusTransitionGuard Permission Validation should allow admin transitions for admin users","status":"passed","title":"should allow admin transitions for admin users","duration":0.09320000000002437,"failureMessages":[],"location":{"line":137,"column":5},"meta":{}}],"startTime":1756975455541,"endTime":1756975455544.152,"status":"passed","message":"","name":"C:/Users/holge/EU-VAT-Refund-Project/vat-refund-app/functions/src/guards/StatusTransitionGuard.test.ts"}],"coverageMap":{"C:\\Users\\holge\\EU-VAT-Refund-Project\\vat-refund-app\\functions\\src\\guards\\StatusTransitionGuard.ts":{"path":"C:\\Users\\holge\\EU-VAT-Refund-Project\\vat-refund-app\\functions\\src\\guards\\StatusTransitionGuard.ts","all":false,"statementMap":{"0":{"start":{"line":1,"column":0},"end":{"line":1,"column":78}},"26":{"start":{"line":27,"column":0},"end":{"line":27,"column":36}},"31":{"start":{"line":32,"column":0},"end":{"line":32,"column":28}},"32":{"start":{"line":33,"column":0},"end":{"line":33,"column":26}},"33":{"start":{"line":34,"column":0},"end":{"line":34,"column":24}},"34":{"start":{"line":35,"column":0},"end":{"line":35,"column":30}},"35":{"start":{"line":36,"column":0},"end":{"line":36,"column":33}},"38":{"start":{"line":39,"column":0},"end":{"line":39,"column":59}},"39":{"start":{"line":40,"column":0},"end":{"line":40,"column":14}},"40":{"start":{"line":41,"column":0},"end":{"line":41,"column":23}},"41":{"start":{"line":42,"column":0},"end":{"line":42,"column":97}},"42":{"start":{"line":43,"column":0},"end":{"line":43,"column":8}},"43":{"start":{"line":44,"column":0},"end":{"line":44,"column":5}},"46":{"start":{"line":47,"column":0},"end":{"line":47,"column":77}},"47":{"start":{"line":48,"column":0},"end":{"line":48,"column":38}},"48":{"start":{"line":49,"column":0},"end":{"line":49,"column":32}},"49":{"start":{"line":50,"column":0},"end":{"line":50,"column":5}},"52":{"start":{"line":53,"column":0},"end":{"line":53,"column":83}},"53":{"start":{"line":54,"column":0},"end":{"line":54,"column":38}},"54":{"start":{"line":55,"column":0},"end":{"line":55,"column":32}},"55":{"start":{"line":56,"column":0},"end":{"line":56,"column":5}},"58":{"start":{"line":59,"column":0},"end":{"line":59,"column":77}},"59":{"start":{"line":60,"column":0},"end":{"line":60,"column":40}},"60":{"start":{"line":61,"column":0},"end":{"line":61,"column":34}},"61":{"start":{"line":62,"column":0},"end":{"line":62,"column":5}},"64":{"start":{"line":65,"column":0},"end":{"line":65,"column":25}},"65":{"start":{"line":66,"column":0},"end":{"line":66,"column":45}},"66":{"start":{"line":67,"column":0},"end":{"line":67,"column":45}},"67":{"start":{"line":68,"column":0},"end":{"line":68,"column":46}},"68":{"start":{"line":69,"column":0},"end":{"line":69,"column":6}},"70":{"start":{"line":71,"column":0},"end":{"line":71,"column":13}},"71":{"start":{"line":72,"column":0},"end":{"line":72,"column":20}},"72":{"start":{"line":73,"column":0},"end":{"line":73,"column":64}},"73":{"start":{"line":74,"column":0},"end":{"line":74,"column":6}},"74":{"start":{"line":75,"column":0},"end":{"line":75,"column":3}},"79":{"start":{"line":80,"column":0},"end":{"line":80,"column":39}},"80":{"start":{"line":81,"column":0},"end":{"line":81,"column":26}},"81":{"start":{"line":82,"column":0},"end":{"line":82,"column":24}},"82":{"start":{"line":83,"column":0},"end":{"line":83,"column":30}},"83":{"start":{"line":84,"column":0},"end":{"line":84,"column":33}},"85":{"start":{"line":86,"column":0},"end":{"line":86,"column":34}},"86":{"start":{"line":87,"column":0},"end":{"line":87,"column":40}},"89":{"start":{"line":90,"column":0},"end":{"line":90,"column":43}},"90":{"start":{"line":91,"column":0},"end":{"line":91,"column":45}},"92":{"start":{"line":93,"column":0},"end":{"line":93,"column":77}},"93":{"start":{"line":94,"column":0},"end":{"line":94,"column":18}},"94":{"start":{"line":95,"column":0},"end":{"line":95,"column":27}},"95":{"start":{"line":96,"column":0},"end":{"line":96,"column":90}},"96":{"start":{"line":97,"column":0},"end":{"line":97,"column":12}},"97":{"start":{"line":98,"column":0},"end":{"line":98,"column":9}},"98":{"start":{"line":99,"column":0},"end":{"line":99,"column":7}},"99":{"start":{"line":100,"column":0},"end":{"line":100,"column":5}},"102":{"start":{"line":103,"column":0},"end":{"line":103,"column":43}},"103":{"start":{"line":104,"column":0},"end":{"line":104,"column":45}},"104":{"start":{"line":105,"column":0},"end":{"line":105,"column":16}},"105":{"start":{"line":106,"column":0},"end":{"line":106,"column":25}},"106":{"start":{"line":107,"column":0},"end":{"line":107,"column":79}},"107":{"start":{"line":108,"column":0},"end":{"line":108,"column":10}},"108":{"start":{"line":109,"column":0},"end":{"line":109,"column":7}},"109":{"start":{"line":110,"column":0},"end":{"line":110,"column":5}},"112":{"start":{"line":113,"column":0},"end":{"line":113,"column":53}},"113":{"start":{"line":114,"column":0},"end":{"line":114,"column":67}},"114":{"start":{"line":115,"column":0},"end":{"line":115,"column":75}},"116":{"start":{"line":117,"column":0},"end":{"line":117,"column":31}},"117":{"start":{"line":118,"column":0},"end":{"line":118,"column":16}},"118":{"start":{"line":119,"column":0},"end":{"line":119,"column":25}},"119":{"start":{"line":120,"column":0},"end":{"line":120,"column":78}},"120":{"start":{"line":121,"column":0},"end":{"line":121,"column":33}},"121":{"start":{"line":122,"column":0},"end":{"line":122,"column":10}},"122":{"start":{"line":123,"column":0},"end":{"line":123,"column":7}},"125":{"start":{"line":126,"column":0},"end":{"line":126,"column":47}},"126":{"start":{"line":127,"column":0},"end":{"line":127,"column":78}},"127":{"start":{"line":128,"column":0},"end":{"line":128,"column":7}},"128":{"start":{"line":129,"column":0},"end":{"line":129,"column":5}},"131":{"start":{"line":132,"column":0},"end":{"line":132,"column":43}},"132":{"start":{"line":133,"column":0},"end":{"line":133,"column":43}},"133":{"start":{"line":134,"column":0},"end":{"line":134,"column":16}},"134":{"start":{"line":135,"column":0},"end":{"line":135,"column":25}},"135":{"start":{"line":136,"column":0},"end":{"line":136,"column":80}},"136":{"start":{"line":137,"column":0},"end":{"line":137,"column":10}},"137":{"start":{"line":138,"column":0},"end":{"line":138,"column":7}},"140":{"start":{"line":141,"column":0},"end":{"line":141,"column":48}},"141":{"start":{"line":142,"column":0},"end":{"line":142,"column":34}},"142":{"start":{"line":143,"column":0},"end":{"line":143,"column":87}},"143":{"start":{"line":144,"column":0},"end":{"line":144,"column":7}},"144":{"start":{"line":145,"column":0},"end":{"line":145,"column":5}},"147":{"start":{"line":148,"column":0},"end":{"line":148,"column":50}},"148":{"start":{"line":149,"column":0},"end":{"line":149,"column":28}},"149":{"start":{"line":150,"column":0},"end":{"line":150,"column":16}},"150":{"start":{"line":151,"column":0},"end":{"line":151,"column":25}},"151":{"start":{"line":152,"column":0},"end":{"line":152,"column":77}},"152":{"start":{"line":153,"column":0},"end":{"line":153,"column":10}},"153":{"start":{"line":154,"column":0},"end":{"line":154,"column":7}},"154":{"start":{"line":155,"column":0},"end":{"line":155,"column":5}},"157":{"start":{"line":158,"column":0},"end":{"line":158,"column":41}},"158":{"start":{"line":159,"column":0},"end":{"line":159,"column":28}},"159":{"start":{"line":160,"column":0},"end":{"line":160,"column":16}},"160":{"start":{"line":161,"column":0},"end":{"line":161,"column":25}},"161":{"start":{"line":162,"column":0},"end":{"line":162,"column":62}},"162":{"start":{"line":163,"column":0},"end":{"line":163,"column":10}},"163":{"start":{"line":164,"column":0},"end":{"line":164,"column":7}},"164":{"start":{"line":165,"column":0},"end":{"line":165,"column":5}},"167":{"start":{"line":168,"column":0},"end":{"line":168,"column":61}},"168":{"start":{"line":169,"column":0},"end":{"line":169,"column":49}},"169":{"start":{"line":170,"column":0},"end":{"line":170,"column":16}},"170":{"start":{"line":171,"column":0},"end":{"line":171,"column":25}},"171":{"start":{"line":172,"column":0},"end":{"line":172,"column":72}},"172":{"start":{"line":173,"column":0},"end":{"line":173,"column":10}},"173":{"start":{"line":174,"column":0},"end":{"line":174,"column":7}},"174":{"start":{"line":175,"column":0},"end":{"line":175,"column":5}},"176":{"start":{"line":177,"column":0},"end":{"line":177,"column":13}},"177":{"start":{"line":178,"column":0},"end":{"line":178,"column":21}},"178":{"start":{"line":179,"column":0},"end":{"line":179,"column":59}},"179":{"start":{"line":180,"column":0},"end":{"line":180,"column":76}},"180":{"start":{"line":181,"column":0},"end":{"line":181,"column":6}},"181":{"start":{"line":182,"column":0},"end":{"line":182,"column":3}},"186":{"start":{"line":187,"column":0},"end":{"line":187,"column":45}},"187":{"start":{"line":188,"column":0},"end":{"line":188,"column":26}},"188":{"start":{"line":189,"column":0},"end":{"line":189,"column":24}},"189":{"start":{"line":190,"column":0},"end":{"line":190,"column":30}},"190":{"start":{"line":191,"column":0},"end":{"line":191,"column":33}},"192":{"start":{"line":193,"column":0},"end":{"line":193,"column":34}},"195":{"start":{"line":196,"column":0},"end":{"line":196,"column":43}},"196":{"start":{"line":197,"column":0},"end":{"line":197,"column":71}},"197":{"start":{"line":198,"column":0},"end":{"line":198,"column":64}},"200":{"start":{"line":201,"column":0},"end":{"line":201,"column":70}},"201":{"start":{"line":202,"column":0},"end":{"line":202,"column":16}},"202":{"start":{"line":203,"column":0},"end":{"line":203,"column":25}},"203":{"start":{"line":204,"column":0},"end":{"line":204,"column":83}},"204":{"start":{"line":205,"column":0},"end":{"line":205,"column":10}},"205":{"start":{"line":206,"column":0},"end":{"line":206,"column":7}},"206":{"start":{"line":207,"column":0},"end":{"line":207,"column":5}},"209":{"start":{"line":210,"column":0},"end":{"line":210,"column":43}},"210":{"start":{"line":211,"column":0},"end":{"line":211,"column":37}},"213":{"start":{"line":214,"column":0},"end":{"line":214,"column":47}},"214":{"start":{"line":215,"column":0},"end":{"line":215,"column":16}},"215":{"start":{"line":216,"column":0},"end":{"line":216,"column":25}},"216":{"start":{"line":217,"column":0},"end":{"line":217,"column":67}},"217":{"start":{"line":218,"column":0},"end":{"line":218,"column":10}},"218":{"start":{"line":219,"column":0},"end":{"line":219,"column":7}},"219":{"start":{"line":220,"column":0},"end":{"line":220,"column":5}},"222":{"start":{"line":223,"column":0},"end":{"line":223,"column":84}},"223":{"start":{"line":224,"column":0},"end":{"line":224,"column":75}},"224":{"start":{"line":225,"column":0},"end":{"line":225,"column":71}},"227":{"start":{"line":228,"column":0},"end":{"line":228,"column":86}},"228":{"start":{"line":229,"column":0},"end":{"line":229,"column":16}},"229":{"start":{"line":230,"column":0},"end":{"line":230,"column":25}},"230":{"start":{"line":231,"column":0},"end":{"line":231,"column":84}},"231":{"start":{"line":232,"column":0},"end":{"line":232,"column":10}},"232":{"start":{"line":233,"column":0},"end":{"line":233,"column":7}},"233":{"start":{"line":234,"column":0},"end":{"line":234,"column":5}},"235":{"start":{"line":236,"column":0},"end":{"line":236,"column":29}},"236":{"start":{"line":237,"column":0},"end":{"line":237,"column":3}},"241":{"start":{"line":242,"column":0},"end":{"line":242,"column":37}},"242":{"start":{"line":243,"column":0},"end":{"line":243,"column":26}},"243":{"start":{"line":244,"column":0},"end":{"line":244,"column":24}},"244":{"start":{"line":245,"column":0},"end":{"line":245,"column":30}},"245":{"start":{"line":246,"column":0},"end":{"line":246,"column":33}},"248":{"start":{"line":249,"column":0},"end":{"line":249,"column":34}},"249":{"start":{"line":250,"column":0},"end":{"line":250,"column":34}},"250":{"start":{"line":251,"column":0},"end":{"line":251,"column":30}},"251":{"start":{"line":252,"column":0},"end":{"line":252,"column":29}},"252":{"start":{"line":253,"column":0},"end":{"line":253,"column":6}},"254":{"start":{"line":255,"column":0},"end":{"line":255,"column":44}},"255":{"start":{"line":256,"column":0},"end":{"line":256,"column":81}},"256":{"start":{"line":257,"column":0},"end":{"line":257,"column":16}},"257":{"start":{"line":258,"column":0},"end":{"line":258,"column":25}},"258":{"start":{"line":259,"column":0},"end":{"line":259,"column":79}},"259":{"start":{"line":260,"column":0},"end":{"line":260,"column":10}},"260":{"start":{"line":261,"column":0},"end":{"line":261,"column":7}},"261":{"start":{"line":262,"column":0},"end":{"line":262,"column":5}},"264":{"start":{"line":265,"column":0},"end":{"line":265,"column":52}},"265":{"start":{"line":266,"column":0},"end":{"line":266,"column":14}},"266":{"start":{"line":267,"column":0},"end":{"line":267,"column":23}},"267":{"start":{"line":268,"column":0},"end":{"line":268,"column":69}},"268":{"start":{"line":269,"column":0},"end":{"line":269,"column":8}},"269":{"start":{"line":270,"column":0},"end":{"line":270,"column":5}},"272":{"start":{"line":273,"column":0},"end":{"line":273,"column":28}},"273":{"start":{"line":274,"column":0},"end":{"line":274,"column":14}},"274":{"start":{"line":275,"column":0},"end":{"line":275,"column":23}},"275":{"start":{"line":276,"column":0},"end":{"line":276,"column":65}},"276":{"start":{"line":277,"column":0},"end":{"line":277,"column":8}},"277":{"start":{"line":278,"column":0},"end":{"line":278,"column":5}},"279":{"start":{"line":280,"column":0},"end":{"line":280,"column":29}},"280":{"start":{"line":281,"column":0},"end":{"line":281,"column":3}},"285":{"start":{"line":286,"column":0},"end":{"line":286,"column":32}},"286":{"start":{"line":287,"column":0},"end":{"line":287,"column":29}},"287":{"start":{"line":288,"column":0},"end":{"line":288,"column":30}},"288":{"start":{"line":289,"column":0},"end":{"line":289,"column":23}},"289":{"start":{"line":290,"column":0},"end":{"line":290,"column":82}},"291":{"start":{"line":292,"column":0},"end":{"line":292,"column":50}},"292":{"start":{"line":293,"column":0},"end":{"line":293,"column":79}},"293":{"start":{"line":294,"column":0},"end":{"line":294,"column":32}},"294":{"start":{"line":295,"column":0},"end":{"line":295,"column":7}},"295":{"start":{"line":296,"column":0},"end":{"line":296,"column":3}},"300":{"start":{"line":301,"column":0},"end":{"line":301,"column":31}},"301":{"start":{"line":302,"column":0},"end":{"line":302,"column":26}},"302":{"start":{"line":303,"column":0},"end":{"line":303,"column":24}},"303":{"start":{"line":304,"column":0},"end":{"line":304,"column":39}},"304":{"start":{"line":305,"column":0},"end":{"line":305,"column":33}},"306":{"start":{"line":307,"column":0},"end":{"line":307,"column":44}},"307":{"start":{"line":308,"column":0},"end":{"line":308,"column":42}},"308":{"start":{"line":309,"column":0},"end":{"line":309,"column":47}},"309":{"start":{"line":310,"column":0},"end":{"line":310,"column":50}},"310":{"start":{"line":311,"column":0},"end":{"line":311,"column":49}},"311":{"start":{"line":312,"column":0},"end":{"line":312,"column":29}},"312":{"start":{"line":313,"column":0},"end":{"line":313,"column":38}},"313":{"start":{"line":314,"column":0},"end":{"line":314,"column":6}},"315":{"start":{"line":316,"column":0},"end":{"line":316,"column":58}},"316":{"start":{"line":317,"column":0},"end":{"line":317,"column":3}},"317":{"start":{"line":318,"column":0},"end":{"line":318,"column":1}},"322":{"start":{"line":323,"column":0},"end":{"line":323,"column":40}},"327":{"start":{"line":328,"column":0},"end":{"line":328,"column":57}},"328":{"start":{"line":329,"column":0},"end":{"line":329,"column":46}},"329":{"start":{"line":330,"column":0},"end":{"line":330,"column":37}},"330":{"start":{"line":331,"column":0},"end":{"line":331,"column":48}},"332":{"start":{"line":333,"column":0},"end":{"line":333,"column":38}},"333":{"start":{"line":334,"column":0},"end":{"line":334,"column":35}},"334":{"start":{"line":335,"column":0},"end":{"line":335,"column":62}},"335":{"start":{"line":336,"column":0},"end":{"line":336,"column":9}},"336":{"start":{"line":337,"column":0},"end":{"line":337,"column":5}},"338":{"start":{"line":339,"column":0},"end":{"line":339,"column":40}},"339":{"start":{"line":340,"column":0},"end":{"line":340,"column":13}},"340":{"start":{"line":341,"column":0},"end":{"line":341,"column":15}},"341":{"start":{"line":342,"column":0},"end":{"line":342,"column":17}},"342":{"start":{"line":343,"column":0},"end":{"line":343,"column":28}},"343":{"start":{"line":344,"column":0},"end":{"line":344,"column":30}},"344":{"start":{"line":345,"column":0},"end":{"line":345,"column":39}},"345":{"start":{"line":346,"column":0},"end":{"line":346,"column":6}},"347":{"start":{"line":348,"column":0},"end":{"line":348,"column":83}},"349":{"start":{"line":350,"column":0},"end":{"line":350,"column":30}},"350":{"start":{"line":351,"column":0},"end":{"line":351,"column":35}},"351":{"start":{"line":352,"column":0},"end":{"line":352,"column":39}},"352":{"start":{"line":353,"column":0},"end":{"line":353,"column":49}},"353":{"start":{"line":354,"column":0},"end":{"line":354,"column":9}},"354":{"start":{"line":355,"column":0},"end":{"line":355,"column":5}},"356":{"start":{"line":357,"column":0},"end":{"line":357,"column":30}},"357":{"start":{"line":358,"column":0},"end":{"line":358,"column":48}},"358":{"start":{"line":359,"column":0},"end":{"line":359,"column":5}},"360":{"start":{"line":361,"column":0},"end":{"line":361,"column":36}},"361":{"start":{"line":362,"column":0},"end":{"line":362,"column":11}},"362":{"start":{"line":363,"column":0},"end":{"line":363,"column":3}},"363":{"start":{"line":364,"column":0},"end":{"line":364,"column":1}},"368":{"start":{"line":369,"column":0},"end":{"line":369,"column":33}},"369":{"start":{"line":370,"column":0},"end":{"line":370,"column":48}},"370":{"start":{"line":371,"column":0},"end":{"line":371,"column":45}},"371":{"start":{"line":372,"column":0},"end":{"line":372,"column":48}},"372":{"start":{"line":373,"column":0},"end":{"line":373,"column":43}},"395":{"start":{"line":396,"column":0},"end":{"line":396,"column":36}},"397":{"start":{"line":398,"column":0},"end":{"line":398,"column":69}},"399":{"start":{"line":400,"column":0},"end":{"line":400,"column":128}},"401":{"start":{"line":402,"column":0},"end":{"line":402,"column":29}},"402":{"start":{"line":403,"column":0},"end":{"line":403,"column":59}},"403":{"start":{"line":404,"column":0},"end":{"line":404,"column":5}},"405":{"start":{"line":406,"column":0},"end":{"line":406,"column":25}},"406":{"start":{"line":407,"column":0},"end":{"line":407,"column":67}},"407":{"start":{"line":408,"column":0},"end":{"line":408,"column":5}},"408":{"start":{"line":409,"column":0},"end":{"line":409,"column":3}},"409":{"start":{"line":410,"column":0},"end":{"line":410,"column":1}}},"s":{"0":1,"26":1,"31":1,"32":8,"33":8,"34":8,"35":8,"38":8,"39":2,"40":2,"41":2,"42":2,"43":2,"46":6,"47":8,"48":2,"49":2,"52":4,"53":8,"54":0,"55":0,"58":4,"59":8,"60":1,"61":1,"64":3,"65":8,"66":8,"67":8,"68":8,"70":8,"71":8,"72":8,"73":8,"74":8,"79":1,"80":6,"81":6,"82":6,"83":6,"85":6,"86":6,"89":6,"90":2,"92":2,"93":1,"94":1,"95":1,"96":1,"97":1,"98":2,"99":2,"102":6,"103":1,"104":1,"105":1,"106":1,"107":1,"108":1,"109":1,"112":6,"113":1,"114":1,"116":1,"117":0,"118":0,"119":0,"120":0,"121":0,"122":0,"125":1,"126":1,"127":1,"128":1,"131":6,"132":0,"133":0,"134":0,"135":0,"136":0,"137":0,"140":0,"141":0,"142":0,"143":0,"144":0,"147":6,"148":0,"149":0,"150":0,"151":0,"152":0,"153":0,"154":0,"157":6,"158":0,"159":0,"160":0,"161":0,"162":0,"163":0,"164":0,"167":6,"168":0,"169":0,"170":0,"171":0,"172":0,"173":0,"174":0,"176":4,"177":4,"178":6,"179":6,"180":6,"181":6,"186":1,"187":4,"188":4,"189":4,"190":4,"192":4,"195":4,"196":0,"197":0,"200":0,"201":0,"202":0,"203":0,"204":0,"205":0,"206":0,"209":4,"210":0,"213":0,"214":0,"215":0,"216":0,"217":0,"218":0,"219":0,"222":4,"223":0,"224":0,"227":0,"228":0,"229":0,"230":0,"231":0,"232":0,"233":0,"235":4,"236":4,"241":1,"242":4,"243":4,"244":4,"245":4,"248":4,"249":4,"250":4,"251":4,"252":4,"254":4,"255":2,"256":1,"257":1,"258":1,"259":1,"260":1,"261":2,"264":4,"265":0,"266":0,"267":0,"268":0,"269":0,"272":4,"273":0,"274":0,"275":0,"276":0,"277":0,"279":3,"280":4,"285":1,"286":0,"287":0,"288":0,"289":0,"291":0,"292":0,"293":0,"294":0,"295":0,"300":1,"301":0,"302":0,"303":0,"304":0,"306":0,"307":0,"308":0,"309":0,"310":0,"311":0,"312":0,"313":0,"315":0,"316":0,"317":1,"322":1,"327":1,"328":0,"329":0,"330":0,"332":0,"333":0,"334":0,"335":0,"336":0,"338":0,"339":0,"340":0,"341":0,"342":0,"343":0,"344":0,"345":0,"347":0,"349":0,"350":0,"351":0,"352":0,"353":0,"354":0,"356":0,"357":0,"358":0,"360":0,"361":0,"362":0,"363":1,"368":1,"369":1,"370":1,"371":1,"372":1,"395":1,"397":1,"399":0,"401":0,"402":0,"403":0,"405":0,"406":0,"407":0,"408":0,"409":1},"branchMap":{"0":{"type":"branch","line":32,"loc":{"start":{"line":32,"column":9},"end":{"line":75,"column":3}},"locations":[{"start":{"line":32,"column":9},"end":{"line":75,"column":3}}]},"1":{"type":"branch","line":39,"loc":{"start":{"line":39,"column":58},"end":{"line":44,"column":5}},"locations":[{"start":{"line":39,"column":58},"end":{"line":44,"column":5}}]},"2":{"type":"branch","line":44,"loc":{"start":{"line":44,"column":4},"end":{"line":48,"column":37}},"locations":[{"start":{"line":44,"column":4},"end":{"line":48,"column":37}}]},"3":{"type":"branch","line":48,"loc":{"start":{"line":48,"column":37},"end":{"line":50,"column":5}},"locations":[{"start":{"line":48,"column":37},"end":{"line":50,"column":5}}]},"4":{"type":"branch","line":50,"loc":{"start":{"line":50,"column":4},"end":{"line":54,"column":37}},"locations":[{"start":{"line":50,"column":4},"end":{"line":54,"column":37}}]},"5":{"type":"branch","line":54,"loc":{"start":{"line":54,"column":37},"end":{"line":56,"column":5}},"locations":[{"start":{"line":54,"column":37},"end":{"line":56,"column":5}}]},"6":{"type":"branch","line":56,"loc":{"start":{"line":56,"column":4},"end":{"line":60,"column":39}},"locations":[{"start":{"line":56,"column":4},"end":{"line":60,"column":39}}]},"7":{"type":"branch","line":60,"loc":{"start":{"line":60,"column":39},"end":{"line":62,"column":5}},"locations":[{"start":{"line":60,"column":39},"end":{"line":62,"column":5}}]},"8":{"type":"branch","line":62,"loc":{"start":{"line":62,"column":4},"end":{"line":66,"column":41}},"locations":[{"start":{"line":62,"column":4},"end":{"line":66,"column":41}}]},"9":{"type":"branch","line":66,"loc":{"start":{"line":66,"column":29},"end":{"line":66,"column":45}},"locations":[{"start":{"line":66,"column":29},"end":{"line":66,"column":45}}]},"10":{"type":"branch","line":67,"loc":{"start":{"line":67,"column":29},"end":{"line":67,"column":45}},"locations":[{"start":{"line":67,"column":29},"end":{"line":67,"column":45}}]},"11":{"type":"branch","line":68,"loc":{"start":{"line":68,"column":31},"end":{"line":68,"column":46}},"locations":[{"start":{"line":68,"column":31},"end":{"line":68,"column":46}}]},"12":{"type":"branch","line":73,"loc":{"start":{"line":73,"column":37},"end":{"line":73,"column":55}},"locations":[{"start":{"line":73,"column":37},"end":{"line":73,"column":55}}]},"13":{"type":"branch","line":73,"loc":{"start":{"line":73,"column":41},"end":{"line":73,"column":64}},"locations":[{"start":{"line":73,"column":41},"end":{"line":73,"column":64}}]},"14":{"type":"branch","line":80,"loc":{"start":{"line":80,"column":17},"end":{"line":182,"column":3}},"locations":[{"start":{"line":80,"column":17},"end":{"line":182,"column":3}}]},"15":{"type":"branch","line":90,"loc":{"start":{"line":90,"column":42},"end":{"line":100,"column":5}},"locations":[{"start":{"line":90,"column":42},"end":{"line":100,"column":5}}]},"16":{"type":"branch","line":93,"loc":{"start":{"line":93,"column":31},"end":{"line":93,"column":76}},"locations":[{"start":{"line":93,"column":31},"end":{"line":93,"column":76}}]},"17":{"type":"branch","line":93,"loc":{"start":{"line":93,"column":76},"end":{"line":98,"column":9}},"locations":[{"start":{"line":93,"column":76},"end":{"line":98,"column":9}}]},"18":{"type":"branch","line":100,"loc":{"start":{"line":100,"column":4},"end":{"line":103,"column":42}},"locations":[{"start":{"line":100,"column":4},"end":{"line":103,"column":42}}]},"19":{"type":"branch","line":103,"loc":{"start":{"line":103,"column":42},"end":{"line":110,"column":5}},"locations":[{"start":{"line":103,"column":42},"end":{"line":110,"column":5}}]},"20":{"type":"branch","line":110,"loc":{"start":{"line":110,"column":4},"end":{"line":113,"column":52}},"locations":[{"start":{"line":110,"column":4},"end":{"line":113,"column":52}}]},"21":{"type":"branch","line":113,"loc":{"start":{"line":113,"column":52},"end":{"line":129,"column":5}},"locations":[{"start":{"line":113,"column":52},"end":{"line":129,"column":5}}]},"22":{"type":"branch","line":117,"loc":{"start":{"line":117,"column":30},"end":{"line":123,"column":7}},"locations":[{"start":{"line":117,"column":30},"end":{"line":123,"column":7}}]},"23":{"type":"branch","line":129,"loc":{"start":{"line":129,"column":4},"end":{"line":132,"column":42}},"locations":[{"start":{"line":129,"column":4},"end":{"line":132,"column":42}}]},"24":{"type":"branch","line":132,"loc":{"start":{"line":132,"column":42},"end":{"line":145,"column":5}},"locations":[{"start":{"line":132,"column":42},"end":{"line":145,"column":5}}]},"25":{"type":"branch","line":145,"loc":{"start":{"line":145,"column":4},"end":{"line":148,"column":49}},"locations":[{"start":{"line":145,"column":4},"end":{"line":148,"column":49}}]},"26":{"type":"branch","line":148,"loc":{"start":{"line":148,"column":49},"end":{"line":155,"column":5}},"locations":[{"start":{"line":148,"column":49},"end":{"line":155,"column":5}}]},"27":{"type":"branch","line":155,"loc":{"start":{"line":155,"column":4},"end":{"line":158,"column":40}},"locations":[{"start":{"line":155,"column":4},"end":{"line":158,"column":40}}]},"28":{"type":"branch","line":158,"loc":{"start":{"line":158,"column":40},"end":{"line":165,"column":5}},"locations":[{"start":{"line":158,"column":40},"end":{"line":165,"column":5}}]},"29":{"type":"branch","line":165,"loc":{"start":{"line":165,"column":4},"end":{"line":168,"column":60}},"locations":[{"start":{"line":165,"column":4},"end":{"line":168,"column":60}}]},"30":{"type":"branch","line":168,"loc":{"start":{"line":168,"column":60},"end":{"line":175,"column":5}},"locations":[{"start":{"line":168,"column":60},"end":{"line":175,"column":5}}]},"31":{"type":"branch","line":175,"loc":{"start":{"line":175,"column":4},"end":{"line":179,"column":38}},"locations":[{"start":{"line":175,"column":4},"end":{"line":179,"column":38}}]},"32":{"type":"branch","line":179,"loc":{"start":{"line":179,"column":34},"end":{"line":179,"column":49}},"locations":[{"start":{"line":179,"column":34},"end":{"line":179,"column":49}}]},"33":{"type":"branch","line":179,"loc":{"start":{"line":179,"column":38},"end":{"line":179,"column":59}},"locations":[{"start":{"line":179,"column":38},"end":{"line":179,"column":59}}]},"34":{"type":"branch","line":180,"loc":{"start":{"line":180,"column":46},"end":{"line":180,"column":67}},"locations":[{"start":{"line":180,"column":46},"end":{"line":180,"column":67}}]},"35":{"type":"branch","line":180,"loc":{"start":{"line":180,"column":50},"end":{"line":180,"column":76}},"locations":[{"start":{"line":180,"column":50},"end":{"line":180,"column":76}}]},"36":{"type":"branch","line":115,"loc":{"start":{"line":115,"column":38},"end":{"line":115,"column":73}},"locations":[{"start":{"line":115,"column":38},"end":{"line":115,"column":73}}]},"37":{"type":"branch","line":187,"loc":{"start":{"line":187,"column":17},"end":{"line":237,"column":3}},"locations":[{"start":{"line":187,"column":17},"end":{"line":237,"column":3}}]},"38":{"type":"branch","line":196,"loc":{"start":{"line":196,"column":42},"end":{"line":207,"column":5}},"locations":[{"start":{"line":196,"column":42},"end":{"line":207,"column":5}}]},"39":{"type":"branch","line":210,"loc":{"start":{"line":210,"column":42},"end":{"line":220,"column":5}},"locations":[{"start":{"line":210,"column":42},"end":{"line":220,"column":5}}]},"40":{"type":"branch","line":223,"loc":{"start":{"line":223,"column":32},"end":{"line":223,"column":83}},"locations":[{"start":{"line":223,"column":32},"end":{"line":223,"column":83}}]},"41":{"type":"branch","line":223,"loc":{"start":{"line":223,"column":83},"end":{"line":234,"column":5}},"locations":[{"start":{"line":223,"column":83},"end":{"line":234,"column":5}}]},"42":{"type":"branch","line":242,"loc":{"start":{"line":242,"column":17},"end":{"line":281,"column":3}},"locations":[{"start":{"line":242,"column":17},"end":{"line":281,"column":3}}]},"43":{"type":"branch","line":255,"loc":{"start":{"line":255,"column":43},"end":{"line":262,"column":5}},"locations":[{"start":{"line":255,"column":43},"end":{"line":262,"column":5}}]},"44":{"type":"branch","line":256,"loc":{"start":{"line":256,"column":80},"end":{"line":261,"column":7}},"locations":[{"start":{"line":256,"column":80},"end":{"line":261,"column":7}}]},"45":{"type":"branch","line":262,"loc":{"start":{"line":262,"column":4},"end":{"line":265,"column":39}},"locations":[{"start":{"line":262,"column":4},"end":{"line":265,"column":39}}]},"46":{"type":"branch","line":265,"loc":{"start":{"line":265,"column":51},"end":{"line":270,"column":5}},"locations":[{"start":{"line":265,"column":51},"end":{"line":270,"column":5}}]},"47":{"type":"branch","line":270,"loc":{"start":{"line":270,"column":4},"end":{"line":273,"column":27}},"locations":[{"start":{"line":270,"column":4},"end":{"line":273,"column":27}}]},"48":{"type":"branch","line":273,"loc":{"start":{"line":273,"column":27},"end":{"line":278,"column":5}},"locations":[{"start":{"line":273,"column":27},"end":{"line":278,"column":5}}]},"49":{"type":"branch","line":278,"loc":{"start":{"line":278,"column":4},"end":{"line":280,"column":29}},"locations":[{"start":{"line":278,"column":4},"end":{"line":280,"column":29}}]},"50":{"type":"branch","line":369,"loc":{"start":{"line":369,"column":7},"end":{"line":369,"column":33}},"locations":[{"start":{"line":369,"column":7},"end":{"line":369,"column":33}}]}},"b":{"0":[8],"1":[2],"2":[6],"3":[2],"4":[4],"5":[0],"6":[4],"7":[1],"8":[3],"9":[2],"10":[3],"11":[3],"12":[1],"13":[2],"14":[6],"15":[2],"16":[1],"17":[1],"18":[5],"19":[1],"20":[4],"21":[1],"22":[0],"23":[4],"24":[0],"25":[4],"26":[0],"27":[4],"28":[0],"29":[4],"30":[0],"31":[4],"32":[1],"33":[3],"34":[0],"35":[4],"36":[3],"37":[4],"38":[0],"39":[0],"40":[0],"41":[0],"42":[4],"43":[2],"44":[1],"45":[3],"46":[0],"47":[3],"48":[0],"49":[3],"50":[1]},"fnMap":{"0":{"name":"validateTransition","decl":{"start":{"line":32,"column":9},"end":{"line":75,"column":3}},"loc":{"start":{"line":32,"column":9},"end":{"line":75,"column":3}},"line":32},"1":{"name":"validateBusinessLogic","decl":{"start":{"line":80,"column":17},"end":{"line":182,"column":3}},"loc":{"start":{"line":80,"column":17},"end":{"line":182,"column":3}},"line":80},"2":{"name":"validateTemporalConstraints","decl":{"start":{"line":187,"column":17},"end":{"line":237,"column":3}},"loc":{"start":{"line":187,"column":17},"end":{"line":237,"column":3}},"line":187},"3":{"name":"validatePermissions","decl":{"start":{"line":242,"column":17},"end":{"line":281,"column":3}},"loc":{"start":{"line":242,"column":17},"end":{"line":281,"column":3}},"line":242},"4":{"name":"getAllowedNextStatuses","decl":{"start":{"line":286,"column":9},"end":{"line":296,"column":3}},"loc":{"start":{"line":286,"column":9},"end":{"line":296,"column":3}},"line":286},"5":{"name":"preValidateTransition","decl":{"start":{"line":301,"column":9},"end":{"line":317,"column":3}},"loc":{"start":{"line":301,"column":9},"end":{"line":317,"column":3}},"line":301},"6":{"name":"validateRequest","decl":{"start":{"line":328,"column":9},"end":{"line":363,"column":3}},"loc":{"start":{"line":328,"column":9},"end":{"line":363,"column":3}},"line":328},"7":{"name":"logTransition","decl":{"start":{"line":398,"column":2},"end":{"line":409,"column":3}},"loc":{"start":{"line":398,"column":2},"end":{"line":409,"column":3}},"line":398}},"f":{"0":8,"1":6,"2":4,"3":4,"4":0,"5":0,"6":0,"7":0}},"C:\\Users\\holge\\EU-VAT-Refund-Project\\vat-refund-app\\functions\\src\\types\\DocumentStatus.ts":{"path":"C:\\Users\\holge\\EU-VAT-Refund-Project\\vat-refund-app\\functions\\src\\types\\DocumentStatus.ts","all":false,"statementMap":{"8":{"start":{"line":9,"column":0},"end":{"line":9,"column":28}},"10":{"start":{"line":11,"column":0},"end":{"line":11,"column":24}},"11":{"start":{"line":12,"column":0},"end":{"line":12,"column":28}},"14":{"start":{"line":15,"column":0},"end":{"line":15,"column":46}},"15":{"start":{"line":16,"column":0},"end":{"line":16,"column":42}},"18":{"start":{"line":19,"column":0},"end":{"line":19,"column":47}},"19":{"start":{"line":20,"column":0},"end":{"line":20,"column":28}},"20":{"start":{"line":21,"column":0},"end":{"line":21,"column":26}},"21":{"start":{"line":22,"column":0},"end":{"line":22,"column":40}},"24":{"start":{"line":25,"column":0},"end":{"line":25,"column":48}},"25":{"start":{"line":26,"column":0},"end":{"line":26,"column":46}},"28":{"start":{"line":29,"column":0},"end":{"line":29,"column":29}},"29":{"start":{"line":30,"column":0},"end":{"line":30,"column":26}},"30":{"start":{"line":31,"column":0},"end":{"line":31,"column":40}},"33":{"start":{"line":34,"column":0},"end":{"line":34,"column":64}},"34":{"start":{"line":35,"column":0},"end":{"line":35,"column":42}},"37":{"start":{"line":38,"column":0},"end":{"line":38,"column":24}},"38":{"start":{"line":39,"column":0},"end":{"line":39,"column":24}},"39":{"start":{"line":40,"column":0},"end":{"line":40,"column":26}},"42":{"start":{"line":43,"column":0},"end":{"line":43,"column":40}},"43":{"start":{"line":44,"column":0},"end":{"line":44,"column":31}},"50":{"start":{"line":51,"column":0},"end":{"line":51,"column":77}},"51":{"start":{"line":52,"column":0},"end":{"line":52,"column":30}},"52":{"start":{"line":53,"column":0},"end":{"line":53,"column":30}},"53":{"start":{"line":54,"column":0},"end":{"line":54,"column":35}},"54":{"start":{"line":55,"column":0},"end":{"line":55,"column":4}},"56":{"start":{"line":57,"column":0},"end":{"line":57,"column":32}},"57":{"start":{"line":58,"column":0},"end":{"line":58,"column":39}},"58":{"start":{"line":59,"column":0},"end":{"line":59,"column":37}},"59":{"start":{"line":60,"column":0},"end":{"line":60,"column":35}},"60":{"start":{"line":61,"column":0},"end":{"line":61,"column":4}},"62":{"start":{"line":63,"column":0},"end":{"line":63,"column":41}},"63":{"start":{"line":64,"column":0},"end":{"line":64,"column":39}},"64":{"start":{"line":65,"column":0},"end":{"line":65,"column":29}},"65":{"start":{"line":66,"column":0},"end":{"line":66,"column":4}},"67":{"start":{"line":68,"column":0},"end":{"line":68,"column":39}},"68":{"start":{"line":69,"column":0},"end":{"line":69,"column":40}},"69":{"start":{"line":70,"column":0},"end":{"line":70,"column":31}},"70":{"start":{"line":71,"column":0},"end":{"line":71,"column":4}},"72":{"start":{"line":73,"column":0},"end":{"line":73,"column":41}},"73":{"start":{"line":74,"column":0},"end":{"line":74,"column":29}},"74":{"start":{"line":75,"column":0},"end":{"line":75,"column":4}},"76":{"start":{"line":77,"column":0},"end":{"line":77,"column":32}},"77":{"start":{"line":78,"column":0},"end":{"line":78,"column":29}},"78":{"start":{"line":79,"column":0},"end":{"line":79,"column":35}},"79":{"start":{"line":80,"column":0},"end":{"line":80,"column":4}},"81":{"start":{"line":82,"column":0},"end":{"line":82,"column":31}},"82":{"start":{"line":83,"column":0},"end":{"line":83,"column":40}},"83":{"start":{"line":84,"column":0},"end":{"line":84,"column":38}},"84":{"start":{"line":85,"column":0},"end":{"line":85,"column":4}},"86":{"start":{"line":87,"column":0},"end":{"line":87,"column":38}},"87":{"start":{"line":88,"column":0},"end":{"line":88,"column":48}},"88":{"start":{"line":89,"column":0},"end":{"line":89,"column":40}},"89":{"start":{"line":90,"column":0},"end":{"line":90,"column":31}},"90":{"start":{"line":91,"column":0},"end":{"line":91,"column":4}},"92":{"start":{"line":93,"column":0},"end":{"line":93,"column":42}},"93":{"start":{"line":94,"column":0},"end":{"line":94,"column":29}},"94":{"start":{"line":95,"column":0},"end":{"line":95,"column":4}},"96":{"start":{"line":97,"column":0},"end":{"line":97,"column":41}},"97":{"start":{"line":98,"column":0},"end":{"line":98,"column":28}},"98":{"start":{"line":99,"column":0},"end":{"line":99,"column":4}},"100":{"start":{"line":101,"column":0},"end":{"line":101,"column":32}},"101":{"start":{"line":102,"column":0},"end":{"line":102,"column":29}},"102":{"start":{"line":103,"column":0},"end":{"line":103,"column":35}},"103":{"start":{"line":104,"column":0},"end":{"line":104,"column":4}},"105":{"start":{"line":106,"column":0},"end":{"line":106,"column":31}},"106":{"start":{"line":107,"column":0},"end":{"line":107,"column":28}},"107":{"start":{"line":108,"column":0},"end":{"line":108,"column":27}},"108":{"start":{"line":109,"column":0},"end":{"line":109,"column":4}},"110":{"start":{"line":111,"column":0},"end":{"line":111,"column":38}},"111":{"start":{"line":112,"column":0},"end":{"line":112,"column":40}},"112":{"start":{"line":113,"column":0},"end":{"line":113,"column":31}},"113":{"start":{"line":114,"column":0},"end":{"line":114,"column":4}},"115":{"start":{"line":116,"column":0},"end":{"line":116,"column":50}},"116":{"start":{"line":117,"column":0},"end":{"line":117,"column":37}},"117":{"start":{"line":118,"column":0},"end":{"line":118,"column":59}},"118":{"start":{"line":119,"column":0},"end":{"line":119,"column":4}},"120":{"start":{"line":121,"column":0},"end":{"line":121,"column":39}},"121":{"start":{"line":122,"column":0},"end":{"line":122,"column":29}},"122":{"start":{"line":123,"column":0},"end":{"line":123,"column":4}},"124":{"start":{"line":125,"column":0},"end":{"line":125,"column":30}},"125":{"start":{"line":126,"column":0},"end":{"line":126,"column":28}},"126":{"start":{"line":127,"column":0},"end":{"line":127,"column":4}},"128":{"start":{"line":129,"column":0},"end":{"line":129,"column":30}},"129":{"start":{"line":130,"column":0},"end":{"line":130,"column":28}},"130":{"start":{"line":131,"column":0},"end":{"line":131,"column":4}},"132":{"start":{"line":133,"column":0},"end":{"line":133,"column":48}},"134":{"start":{"line":135,"column":0},"end":{"line":135,"column":38}},"135":{"start":{"line":136,"column":0},"end":{"line":136,"column":40}},"136":{"start":{"line":137,"column":0},"end":{"line":137,"column":31}},"137":{"start":{"line":138,"column":0},"end":{"line":138,"column":4}},"139":{"start":{"line":140,"column":0},"end":{"line":140,"column":56}},"140":{"start":{"line":141,"column":0},"end":{"line":141,"column":2}},"145":{"start":{"line":146,"column":0},"end":{"line":146,"column":28}},"146":{"start":{"line":147,"column":0},"end":{"line":147,"column":28}},"147":{"start":{"line":148,"column":0},"end":{"line":148,"column":29}},"148":{"start":{"line":149,"column":0},"end":{"line":149,"column":28}},"149":{"start":{"line":150,"column":0},"end":{"line":150,"column":28}},"150":{"start":{"line":151,"column":0},"end":{"line":151,"column":18}},"151":{"start":{"line":152,"column":0},"end":{"line":152,"column":17}},"157":{"start":{"line":158,"column":0},"end":{"line":158,"column":74}},"158":{"start":{"line":159,"column":0},"end":{"line":159,"column":55}},"159":{"start":{"line":160,"column":0},"end":{"line":160,"column":57}},"160":{"start":{"line":161,"column":0},"end":{"line":161,"column":66}},"161":{"start":{"line":162,"column":0},"end":{"line":162,"column":59}},"163":{"start":{"line":164,"column":0},"end":{"line":164,"column":66}},"164":{"start":{"line":165,"column":0},"end":{"line":165,"column":57}},"165":{"start":{"line":166,"column":0},"end":{"line":166,"column":56}},"166":{"start":{"line":167,"column":0},"end":{"line":167,"column":58}},"168":{"start":{"line":169,"column":0},"end":{"line":169,"column":67}},"169":{"start":{"line":170,"column":0},"end":{"line":170,"column":61}},"170":{"start":{"line":171,"column":0},"end":{"line":171,"column":57}},"171":{"start":{"line":172,"column":0},"end":{"line":172,"column":56}},"172":{"start":{"line":173,"column":0},"end":{"line":173,"column":58}},"174":{"start":{"line":175,"column":0},"end":{"line":175,"column":75}},"175":{"start":{"line":176,"column":0},"end":{"line":176,"column":64}},"177":{"start":{"line":178,"column":0},"end":{"line":178,"column":50}},"178":{"start":{"line":179,"column":0},"end":{"line":179,"column":50}},"179":{"start":{"line":180,"column":0},"end":{"line":180,"column":51}},"181":{"start":{"line":182,"column":0},"end":{"line":182,"column":58}},"182":{"start":{"line":183,"column":0},"end":{"line":183,"column":53}},"183":{"start":{"line":184,"column":0},"end":{"line":184,"column":2}},"188":{"start":{"line":189,"column":0},"end":{"line":189,"column":62}},"189":{"start":{"line":190,"column":0},"end":{"line":190,"column":40}},"190":{"start":{"line":191,"column":0},"end":{"line":191,"column":47}},"191":{"start":{"line":192,"column":0},"end":{"line":192,"column":62}},"192":{"start":{"line":193,"column":0},"end":{"line":193,"column":58}},"194":{"start":{"line":195,"column":0},"end":{"line":195,"column":62}},"195":{"start":{"line":196,"column":0},"end":{"line":196,"column":47}},"196":{"start":{"line":197,"column":0},"end":{"line":197,"column":42}},"197":{"start":{"line":198,"column":0},"end":{"line":198,"column":56}},"199":{"start":{"line":200,"column":0},"end":{"line":200,"column":64}},"200":{"start":{"line":201,"column":0},"end":{"line":201,"column":62}},"201":{"start":{"line":202,"column":0},"end":{"line":202,"column":47}},"202":{"start":{"line":203,"column":0},"end":{"line":203,"column":42}},"203":{"start":{"line":204,"column":0},"end":{"line":204,"column":56}},"205":{"start":{"line":206,"column":0},"end":{"line":206,"column":80}},"206":{"start":{"line":207,"column":0},"end":{"line":207,"column":58}},"208":{"start":{"line":209,"column":0},"end":{"line":209,"column":40}},"209":{"start":{"line":210,"column":0},"end":{"line":210,"column":41}},"210":{"start":{"line":211,"column":0},"end":{"line":211,"column":42}},"212":{"start":{"line":213,"column":0},"end":{"line":213,"column":56}},"213":{"start":{"line":214,"column":0},"end":{"line":214,"column":47}},"214":{"start":{"line":215,"column":0},"end":{"line":215,"column":2}},"219":{"start":{"line":220,"column":0},"end":{"line":220,"column":68}},"220":{"start":{"line":221,"column":0},"end":{"line":221,"column":87}},"221":{"start":{"line":222,"column":0},"end":{"line":222,"column":75}},"222":{"start":{"line":223,"column":0},"end":{"line":223,"column":98}},"223":{"start":{"line":224,"column":0},"end":{"line":224,"column":70}},"225":{"start":{"line":226,"column":0},"end":{"line":226,"column":78}},"226":{"start":{"line":227,"column":0},"end":{"line":227,"column":88}},"227":{"start":{"line":228,"column":0},"end":{"line":228,"column":70}},"228":{"start":{"line":229,"column":0},"end":{"line":229,"column":91}},"230":{"start":{"line":231,"column":0},"end":{"line":231,"column":96}},"231":{"start":{"line":232,"column":0},"end":{"line":232,"column":89}},"232":{"start":{"line":233,"column":0},"end":{"line":233,"column":80}},"233":{"start":{"line":234,"column":0},"end":{"line":234,"column":85}},"234":{"start":{"line":235,"column":0},"end":{"line":235,"column":76}},"236":{"start":{"line":237,"column":0},"end":{"line":237,"column":103}},"237":{"start":{"line":238,"column":0},"end":{"line":238,"column":81}},"239":{"start":{"line":240,"column":0},"end":{"line":240,"column":79}},"240":{"start":{"line":241,"column":0},"end":{"line":241,"column":79}},"241":{"start":{"line":242,"column":0},"end":{"line":242,"column":55}},"243":{"start":{"line":244,"column":0},"end":{"line":244,"column":84}},"244":{"start":{"line":245,"column":0},"end":{"line":245,"column":76}},"245":{"start":{"line":246,"column":0},"end":{"line":246,"column":2}},"250":{"start":{"line":251,"column":0},"end":{"line":251,"column":34}},"254":{"start":{"line":255,"column":0},"end":{"line":255,"column":79}},"255":{"start":{"line":256,"column":0},"end":{"line":256,"column":59}},"256":{"start":{"line":257,"column":0},"end":{"line":257,"column":3}},"261":{"start":{"line":262,"column":0},"end":{"line":262,"column":77}},"262":{"start":{"line":263,"column":0},"end":{"line":263,"column":45}},"263":{"start":{"line":264,"column":0},"end":{"line":264,"column":3}},"268":{"start":{"line":269,"column":0},"end":{"line":269,"column":57}},"269":{"start":{"line":270,"column":0},"end":{"line":270,"column":52}},"270":{"start":{"line":271,"column":0},"end":{"line":271,"column":3}},"275":{"start":{"line":276,"column":0},"end":{"line":276,"column":57}},"276":{"start":{"line":277,"column":0},"end":{"line":277,"column":62}},"277":{"start":{"line":278,"column":0},"end":{"line":278,"column":3}},"282":{"start":{"line":283,"column":0},"end":{"line":283,"column":62}},"283":{"start":{"line":284,"column":0},"end":{"line":284,"column":12}},"284":{"start":{"line":285,"column":0},"end":{"line":285,"column":32}},"285":{"start":{"line":286,"column":0},"end":{"line":286,"column":32}},"286":{"start":{"line":287,"column":0},"end":{"line":287,"column":31}},"287":{"start":{"line":288,"column":0},"end":{"line":288,"column":23}},"288":{"start":{"line":289,"column":0},"end":{"line":289,"column":3}},"293":{"start":{"line":294,"column":0},"end":{"line":294,"column":51}},"294":{"start":{"line":295,"column":0},"end":{"line":295,"column":43}},"295":{"start":{"line":296,"column":0},"end":{"line":296,"column":3}},"300":{"start":{"line":301,"column":0},"end":{"line":301,"column":57}},"301":{"start":{"line":302,"column":0},"end":{"line":302,"column":45}},"302":{"start":{"line":303,"column":0},"end":{"line":303,"column":3}},"307":{"start":{"line":308,"column":0},"end":{"line":308,"column":62}},"308":{"start":{"line":309,"column":0},"end":{"line":309,"column":37}},"309":{"start":{"line":310,"column":0},"end":{"line":310,"column":3}},"310":{"start":{"line":311,"column":0},"end":{"line":311,"column":1}},"313":{"start":{"line":314,"column":0},"end":{"line":314,"column":67}},"314":{"start":{"line":315,"column":0},"end":{"line":315,"column":67}}},"s":{"8":1,"10":1,"11":1,"14":1,"15":1,"18":1,"19":1,"20":1,"21":1,"24":1,"25":1,"28":1,"29":1,"30":1,"33":1,"34":1,"37":1,"38":1,"39":1,"42":1,"43":1,"50":1,"51":1,"52":1,"53":1,"54":1,"56":1,"57":1,"58":1,"59":1,"60":1,"62":1,"63":1,"64":1,"65":1,"67":1,"68":1,"69":1,"70":1,"72":1,"73":1,"74":1,"76":1,"77":1,"78":1,"79":1,"81":1,"82":1,"83":1,"84":1,"86":1,"87":1,"88":1,"89":1,"90":1,"92":1,"93":1,"94":1,"96":1,"97":1,"98":1,"100":1,"101":1,"102":1,"103":1,"105":1,"106":1,"107":1,"108":1,"110":1,"111":1,"112":1,"113":1,"115":1,"116":1,"117":1,"118":1,"120":1,"121":1,"122":1,"124":1,"125":1,"126":1,"128":1,"129":1,"130":1,"132":1,"134":1,"135":1,"136":1,"137":1,"139":1,"140":1,"145":1,"146":1,"147":1,"148":1,"149":1,"150":1,"151":1,"157":1,"158":1,"159":1,"160":1,"161":1,"163":1,"164":1,"165":1,"166":1,"168":1,"169":1,"170":1,"171":1,"172":1,"174":1,"175":1,"177":1,"178":1,"179":1,"181":1,"182":1,"183":1,"188":1,"189":1,"190":1,"191":1,"192":1,"194":1,"195":1,"196":1,"197":1,"199":1,"200":1,"201":1,"202":1,"203":1,"205":1,"206":1,"208":1,"209":1,"210":1,"212":1,"213":1,"214":1,"219":1,"220":1,"221":1,"222":1,"223":1,"225":1,"226":1,"227":1,"228":1,"230":1,"231":1,"232":1,"233":1,"234":1,"236":1,"237":1,"239":1,"240":1,"241":1,"243":1,"244":1,"245":1,"250":1,"254":1,"255":8,"256":8,"261":1,"262":0,"263":0,"268":1,"269":0,"270":0,"275":1,"276":4,"277":4,"282":1,"283":0,"284":0,"285":0,"286":0,"287":0,"288":0,"293":1,"294":0,"295":0,"300":1,"301":0,"302":0,"307":1,"308":0,"309":0,"310":1,"313":1,"314":1},"branchMap":{"0":{"type":"branch","line":9,"loc":{"start":{"line":9,"column":7},"end":{"line":9,"column":28}},"locations":[{"start":{"line":9,"column":7},"end":{"line":9,"column":28}}]},"1":{"type":"branch","line":146,"loc":{"start":{"line":146,"column":7},"end":{"line":146,"column":28}},"locations":[{"start":{"line":146,"column":7},"end":{"line":146,"column":28}}]},"2":{"type":"branch","line":255,"loc":{"start":{"line":255,"column":9},"end":{"line":257,"column":3}},"locations":[{"start":{"line":255,"column":9},"end":{"line":257,"column":3}}]},"3":{"type":"branch","line":256,"loc":{"start":{"line":256,"column":48},"end":{"line":256,"column":59}},"locations":[{"start":{"line":256,"column":48},"end":{"line":256,"column":59}}]},"4":{"type":"branch","line":276,"loc":{"start":{"line":276,"column":9},"end":{"line":278,"column":3}},"locations":[{"start":{"line":276,"column":9},"end":{"line":278,"column":3}}]}},"b":{"0":[1],"1":[1],"2":[8],"3":[0],"4":[4]},"fnMap":{"0":{"name":"isValidTransition","decl":{"start":{"line":255,"column":9},"end":{"line":257,"column":3}},"loc":{"start":{"line":255,"column":9},"end":{"line":257,"column":3}},"line":255},"1":{"name":"getPossibleNextStatuses","decl":{"start":{"line":262,"column":9},"end":{"line":264,"column":3}},"loc":{"start":{"line":262,"column":9},"end":{"line":264,"column":3}},"line":262},"2":{"name":"isFinalStatus","decl":{"start":{"line":269,"column":9},"end":{"line":271,"column":3}},"loc":{"start":{"line":269,"column":9},"end":{"line":271,"column":3}},"line":269},"3":{"name":"isErrorStatus","decl":{"start":{"line":276,"column":9},"end":{"line":278,"column":3}},"loc":{"start":{"line":276,"column":9},"end":{"line":278,"column":3}},"line":276},"4":{"name":"isProcessingStatus","decl":{"start":{"line":283,"column":9},"end":{"line":289,"column":3}},"loc":{"start":{"line":283,"column":9},"end":{"line":289,"column":3}},"line":283},"5":{"name":"getLabel","decl":{"start":{"line":294,"column":9},"end":{"line":296,"column":3}},"loc":{"start":{"line":294,"column":9},"end":{"line":296,"column":3}},"line":294},"6":{"name":"getDescription","decl":{"start":{"line":301,"column":9},"end":{"line":303,"column":3}},"loc":{"start":{"line":301,"column":9},"end":{"line":303,"column":3}},"line":301},"7":{"name":"getCategory","decl":{"start":{"line":308,"column":9},"end":{"line":310,"column":3}},"loc":{"start":{"line":308,"column":9},"end":{"line":310,"column":3}},"line":308}},"f":{"0":8,"1":0,"2":0,"3":4,"4":0,"5":0,"6":0,"7":0}},"C:\\Users\\holge\\EU-VAT-Refund-Project\\vat-refund-app\\functions\\test-retry.js":{"path":"C:\\Users\\holge\\EU-VAT-Refund-Project\\vat-refund-app\\functions\\test-retry.js","all":true,"statementMap":{"0":{"start":{"line":1,"column":0},"end":{"line":1,"column":3}},"1":{"start":{"line":2,"column":0},"end":{"line":2,"column":38}},"2":{"start":{"line":3,"column":0},"end":{"line":3,"column":31}},"3":{"start":{"line":4,"column":0},"end":{"line":4,"column":3}},"4":{"start":{"line":5,"column":0},"end":{"line":5,"column":0}},"5":{"start":{"line":6,"column":0},"end":{"line":6,"column":47}},"6":{"start":{"line":7,"column":0},"end":{"line":7,"column":0}},"7":{"start":{"line":8,"column":0},"end":{"line":8,"column":43}},"8":{"start":{"line":9,"column":0},"end":{"line":9,"column":0}},"9":{"start":{"line":10,"column":0},"end":{"line":10,"column":71}},"10":{"start":{"line":11,"column":0},"end":{"line":11,"column":43}},"11":{"start":{"line":12,"column":0},"end":{"line":12,"column":19}},"12":{"start":{"line":13,"column":0},"end":{"line":13,"column":22}},"13":{"start":{"line":14,"column":0},"end":{"line":14,"column":15}},"14":{"start":{"line":15,"column":0},"end":{"line":15,"column":88}},"15":{"start":{"line":16,"column":0},"end":{"line":16,"column":4}},"16":{"start":{"line":17,"column":0},"end":{"line":17,"column":32}},"17":{"start":{"line":18,"column":0},"end":{"line":18,"column":57}},"18":{"start":{"line":19,"column":0},"end":{"line":19,"column":58}},"19":{"start":{"line":20,"column":0},"end":{"line":20,"column":18}},"20":{"start":{"line":21,"column":0},"end":{"line":21,"column":5}},"21":{"start":{"line":22,"column":0},"end":{"line":22,"column":4}},"22":{"start":{"line":23,"column":0},"end":{"line":23,"column":39}},"23":{"start":{"line":24,"column":0},"end":{"line":24,"column":4}},"24":{"start":{"line":25,"column":0},"end":{"line":25,"column":1}},"25":{"start":{"line":26,"column":0},"end":{"line":26,"column":0}},"26":{"start":{"line":27,"column":0},"end":{"line":27,"column":59}},"27":{"start":{"line":28,"column":0},"end":{"line":28,"column":39}},"28":{"start":{"line":29,"column":0},"end":{"line":29,"column":22}},"29":{"start":{"line":30,"column":0},"end":{"line":30,"column":51}},"30":{"start":{"line":31,"column":0},"end":{"line":31,"column":49}},"31":{"start":{"line":32,"column":0},"end":{"line":32,"column":50}},"32":{"start":{"line":33,"column":0},"end":{"line":33,"column":16}},"33":{"start":{"line":34,"column":0},"end":{"line":34,"column":4}},"34":{"start":{"line":35,"column":0},"end":{"line":35,"column":1}},"35":{"start":{"line":36,"column":0},"end":{"line":36,"column":0}},"36":{"start":{"line":37,"column":0},"end":{"line":37,"column":13}},"37":{"start":{"line":38,"column":0},"end":{"line":38,"column":19}},"38":{"start":{"line":39,"column":0},"end":{"line":39,"column":3}},"39":{"start":{"line":40,"column":0},"end":{"line":40,"column":43}},"40":{"start":{"line":41,"column":0},"end":{"line":41,"column":33}},"41":{"start":{"line":42,"column":0},"end":{"line":42,"column":23}},"42":{"start":{"line":43,"column":0},"end":{"line":43,"column":4}},"43":{"start":{"line":44,"column":0},"end":{"line":44,"column":3}},"44":{"start":{"line":45,"column":0},"end":{"line":45,"column":44}},"45":{"start":{"line":46,"column":0},"end":{"line":46,"column":33}},"46":{"start":{"line":47,"column":0},"end":{"line":47,"column":23}},"47":{"start":{"line":48,"column":0},"end":{"line":48,"column":4}},"48":{"start":{"line":49,"column":0},"end":{"line":49,"column":3}},"49":{"start":{"line":50,"column":0},"end":{"line":50,"column":56}},"50":{"start":{"line":51,"column":0},"end":{"line":51,"column":33}},"51":{"start":{"line":52,"column":0},"end":{"line":52,"column":23}},"52":{"start":{"line":53,"column":0},"end":{"line":53,"column":4}},"53":{"start":{"line":54,"column":0},"end":{"line":54,"column":3}},"54":{"start":{"line":55,"column":0},"end":{"line":55,"column":39}},"55":{"start":{"line":56,"column":0},"end":{"line":56,"column":33}},"56":{"start":{"line":57,"column":0},"end":{"line":57,"column":24}},"57":{"start":{"line":58,"column":0},"end":{"line":58,"column":4}},"58":{"start":{"line":59,"column":0},"end":{"line":59,"column":3}},"59":{"start":{"line":60,"column":0},"end":{"line":60,"column":52}},"60":{"start":{"line":61,"column":0},"end":{"line":61,"column":37}},"61":{"start":{"line":62,"column":0},"end":{"line":62,"column":24}},"62":{"start":{"line":63,"column":0},"end":{"line":63,"column":3}},"63":{"start":{"line":64,"column":0},"end":{"line":64,"column":2}},"64":{"start":{"line":65,"column":0},"end":{"line":65,"column":0}},"65":{"start":{"line":66,"column":0},"end":{"line":66,"column":27}},"66":{"start":{"line":67,"column":0},"end":{"line":67,"column":17}},"67":{"start":{"line":68,"column":0},"end":{"line":68,"column":17}},"68":{"start":{"line":69,"column":0},"end":{"line":69,"column":0}},"69":{"start":{"line":70,"column":0},"end":{"line":70,"column":56}},"70":{"start":{"line":71,"column":0},"end":{"line":71,"column":58}},"71":{"start":{"line":72,"column":0},"end":{"line":72,"column":4}},"72":{"start":{"line":73,"column":0},"end":{"line":73,"column":68}},"73":{"start":{"line":74,"column":0},"end":{"line":74,"column":4}},"74":{"start":{"line":75,"column":0},"end":{"line":75,"column":9}},"75":{"start":{"line":76,"column":0},"end":{"line":76,"column":85}},"76":{"start":{"line":77,"column":0},"end":{"line":77,"column":46}},"77":{"start":{"line":78,"column":0},"end":{"line":78,"column":6}},"78":{"start":{"line":79,"column":0},"end":{"line":79,"column":35}},"79":{"start":{"line":80,"column":0},"end":{"line":80,"column":86}},"80":{"start":{"line":81,"column":0},"end":{"line":81,"column":17}},"81":{"start":{"line":82,"column":0},"end":{"line":82,"column":14}},"82":{"start":{"line":83,"column":0},"end":{"line":83,"column":94}},"83":{"start":{"line":84,"column":0},"end":{"line":84,"column":17}},"84":{"start":{"line":85,"column":0},"end":{"line":85,"column":7}},"85":{"start":{"line":86,"column":0},"end":{"line":86,"column":21}},"86":{"start":{"line":87,"column":0},"end":{"line":87,"column":46}},"87":{"start":{"line":88,"column":0},"end":{"line":88,"column":6}},"88":{"start":{"line":89,"column":0},"end":{"line":89,"column":36}},"89":{"start":{"line":90,"column":0},"end":{"line":90,"column":87}},"90":{"start":{"line":91,"column":0},"end":{"line":91,"column":17}},"91":{"start":{"line":92,"column":0},"end":{"line":92,"column":14}},"92":{"start":{"line":93,"column":0},"end":{"line":93,"column":87}},"93":{"start":{"line":94,"column":0},"end":{"line":94,"column":17}},"94":{"start":{"line":95,"column":0},"end":{"line":95,"column":7}},"95":{"start":{"line":96,"column":0},"end":{"line":96,"column":5}},"96":{"start":{"line":97,"column":0},"end":{"line":97,"column":3}},"97":{"start":{"line":98,"column":0},"end":{"line":98,"column":0}},"98":{"start":{"line":99,"column":0},"end":{"line":99,"column":69}},"99":{"start":{"line":100,"column":0},"end":{"line":100,"column":0}},"100":{"start":{"line":101,"column":0},"end":{"line":101,"column":21}},"101":{"start":{"line":102,"column":0},"end":{"line":102,"column":85}},"102":{"start":{"line":103,"column":0},"end":{"line":103,"column":10}},"103":{"start":{"line":104,"column":0},"end":{"line":104,"column":71}},"104":{"start":{"line":105,"column":0},"end":{"line":105,"column":3}},"105":{"start":{"line":106,"column":0},"end":{"line":106,"column":1}},"106":{"start":{"line":107,"column":0},"end":{"line":107,"column":0}},"107":{"start":{"line":108,"column":0},"end":{"line":108,"column":18}},"108":{"start":{"line":109,"column":0},"end":{"line":109,"column":34}},"109":{"start":{"line":110,"column":0},"end":{"line":110,"column":69}},"110":{"start":{"line":111,"column":0},"end":{"line":111,"column":2}},"111":{"start":{"line":112,"column":0},"end":{"line":112,"column":45}},"112":{"start":{"line":113,"column":0},"end":{"line":113,"column":31}},"113":{"start":{"line":114,"column":0},"end":{"line":114,"column":2}},"114":{"start":{"line":115,"column":0},"end":{"line":115,"column":7}},"115":{"start":{"line":116,"column":0},"end":{"line":116,"column":84}},"116":{"start":{"line":117,"column":0},"end":{"line":117,"column":19}},"117":{"start":{"line":118,"column":0},"end":{"line":118,"column":45}},"118":{"start":{"line":119,"column":0},"end":{"line":119,"column":52}},"119":{"start":{"line":120,"column":0},"end":{"line":120,"column":4}},"120":{"start":{"line":121,"column":0},"end":{"line":121,"column":49}},"121":{"start":{"line":122,"column":0},"end":{"line":122,"column":64}},"122":{"start":{"line":123,"column":0},"end":{"line":123,"column":12}},"123":{"start":{"line":124,"column":0},"end":{"line":124,"column":69}},"124":{"start":{"line":125,"column":0},"end":{"line":125,"column":5}},"125":{"start":{"line":126,"column":0},"end":{"line":126,"column":3}},"126":{"start":{"line":127,"column":0},"end":{"line":127,"column":1}},"127":{"start":{"line":128,"column":0},"end":{"line":128,"column":0}},"128":{"start":{"line":129,"column":0},"end":{"line":129,"column":16}},"129":{"start":{"line":130,"column":0},"end":{"line":130,"column":41}}},"s":{"0":0,"1":0,"2":0,"3":0,"4":0,"5":0,"6":0,"7":0,"8":0,"9":0,"10":0,"11":0,"12":0,"13":0,"14":0,"15":0,"16":0,"17":0,"18":0,"19":0,"20":0,"21":0,"22":0,"23":0,"24":0,"25":0,"26":0,"27":0,"28":0,"29":0,"30":0,"31":0,"32":0,"33":0,"34":0,"35":0,"36":0,"37":0,"38":0,"39":0,"40":0,"41":0,"42":0,"43":0,"44":0,"45":0,"46":0,"47":0,"48":0,"49":0,"50":0,"51":0,"52":0,"53":0,"54":0,"55":0,"56":0,"57":0,"58":0,"59":0,"60":0,"61":0,"62":0,"63":0,"64":0,"65":0,"66":0,"67":0,"68":0,"69":0,"70":0,"71":0,"72":0,"73":0,"74":0,"75":0,"76":0,"77":0,"78":0,"79":0,"80":0,"81":0,"82":0,"83":0,"84":0,"85":0,"86":0,"87":0,"88":0,"89":0,"90":0,"91":0,"92":0,"93":0,"94":0,"95":0,"96":0,"97":0,"98":0,"99":0,"100":0,"101":0,"102":0,"103":0,"104":0,"105":0,"106":0,"107":0,"108":0,"109":0,"110":0,"111":0,"112":0,"113":0,"114":0,"115":0,"116":0,"117":0,"118":0,"119":0,"120":0,"121":0,"122":0,"123":0,"124":0,"125":0,"126":0,"127":0,"128":0,"129":0},"branchMap":{"0":{"type":"branch","line":1,"loc":{"start":{"line":1,"column":0},"end":{"line":130,"column":41}},"locations":[{"start":{"line":1,"column":0},"end":{"line":130,"column":41}}]}},"b":{"0":[0]},"fnMap":{"0":{"name":"(empty-report)","decl":{"start":{"line":1,"column":0},"end":{"line":130,"column":41}},"loc":{"start":{"line":1,"column":0},"end":{"line":130,"column":41}},"line":1}},"f":{"0":0}},"C:\\Users\\holge\\EU-VAT-Refund-Project\\vat-refund-app\\functions\\.eslintrc.js":{"path":"C:\\Users\\holge\\EU-VAT-Refund-Project\\vat-refund-app\\functions\\.eslintrc.js","all":true,"statementMap":{"0":{"start":{"line":1,"column":0},"end":{"line":1,"column":18}},"1":{"start":{"line":2,"column":0},"end":{"line":2,"column":13}},"2":{"start":{"line":3,"column":0},"end":{"line":3,"column":8}},"3":{"start":{"line":4,"column":0},"end":{"line":4,"column":14}},"4":{"start":{"line":5,"column":0},"end":{"line":5,"column":15}},"5":{"start":{"line":6,"column":0},"end":{"line":6,"column":4}},"6":{"start":{"line":7,"column":0},"end":{"line":7,"column":12}},"7":{"start":{"line":8,"column":0},"end":{"line":8,"column":25}},"8":{"start":{"line":9,"column":0},"end":{"line":9,"column":27}},"9":{"start":{"line":10,"column":0},"end":{"line":10,"column":29}},"10":{"start":{"line":11,"column":0},"end":{"line":11,"column":31}},"11":{"start":{"line":12,"column":0},"end":{"line":12,"column":13}},"12":{"start":{"line":13,"column":0},"end":{"line":13,"column":44}},"13":{"start":{"line":14,"column":0},"end":{"line":14,"column":4}},"14":{"start":{"line":15,"column":0},"end":{"line":15,"column":38}},"15":{"start":{"line":16,"column":0},"end":{"line":16,"column":18}},"16":{"start":{"line":17,"column":0},"end":{"line":17,"column":52}},"17":{"start":{"line":18,"column":0},"end":{"line":18,"column":25}},"18":{"start":{"line":19,"column":0},"end":{"line":19,"column":4}},"19":{"start":{"line":20,"column":0},"end":{"line":20,"column":19}},"20":{"start":{"line":21,"column":0},"end":{"line":21,"column":39}},"21":{"start":{"line":22,"column":0},"end":{"line":22,"column":49}},"22":{"start":{"line":23,"column":0},"end":{"line":23,"column":4}},"23":{"start":{"line":24,"column":0},"end":{"line":24,"column":12}},"24":{"start":{"line":25,"column":0},"end":{"line":25,"column":25}},"25":{"start":{"line":26,"column":0},"end":{"line":26,"column":13}},"26":{"start":{"line":27,"column":0},"end":{"line":27,"column":4}},"27":{"start":{"line":28,"column":0},"end":{"line":28,"column":10}},"28":{"start":{"line":29,"column":0},"end":{"line":29,"column":34}},"29":{"start":{"line":30,"column":0},"end":{"line":30,"column":30}},"30":{"start":{"line":31,"column":0},"end":{"line":31,"column":27}},"31":{"start":{"line":32,"column":0},"end":{"line":32,"column":4}},"32":{"start":{"line":33,"column":0},"end":{"line":33,"column":2}}},"s":{"0":0,"1":0,"2":0,"3":0,"4":0,"5":0,"6":0,"7":0,"8":0,"9":0,"10":0,"11":0,"12":0,"13":0,"14":0,"15":0,"16":0,"17":0,"18":0,"19":0,"20":0,"21":0,"22":0,"23":0,"24":0,"25":0,"26":0,"27":0,"28":0,"29":0,"30":0,"31":0,"32":0},"branchMap":{"0":{"type":"branch","line":1,"loc":{"start":{"line":1,"column":730},"end":{"line":33,"column":2}},"locations":[{"start":{"line":1,"column":730},"end":{"line":33,"column":2}}]}},"b":{"0":[0]},"fnMap":{"0":{"name":"(empty-report)","decl":{"start":{"line":1,"column":730},"end":{"line":33,"column":2}},"loc":{"start":{"line":1,"column":730},"end":{"line":33,"column":2}},"line":1}},"f":{"0":0}},"C:\\Users\\holge\\EU-VAT-Refund-Project\\vat-refund-app\\functions\\debug-parser.js":{"path":"C:\\Users\\holge\\EU-VAT-Refund-Project\\vat-refund-app\\functions\\debug-parser.js","all":true,"statementMap":{"0":{"start":{"line":1,"column":0},"end":{"line":1,"column":46}},"1":{"start":{"line":2,"column":0},"end":{"line":2,"column":0}},"2":{"start":{"line":3,"column":0},"end":{"line":3,"column":31}},"3":{"start":{"line":4,"column":0},"end":{"line":4,"column":90}},"4":{"start":{"line":5,"column":0},"end":{"line":5,"column":54}},"5":{"start":{"line":6,"column":0},"end":{"line":6,"column":2}},"6":{"start":{"line":7,"column":0},"end":{"line":7,"column":54}},"7":{"start":{"line":8,"column":0},"end":{"line":8,"column":56}},"8":{"start":{"line":9,"column":0},"end":{"line":9,"column":2}},"9":{"start":{"line":10,"column":0},"end":{"line":10,"column":26}},"10":{"start":{"line":11,"column":0},"end":{"line":11,"column":43}},"11":{"start":{"line":12,"column":0},"end":{"line":12,"column":40}},"12":{"start":{"line":13,"column":0},"end":{"line":13,"column":2}},"13":{"start":{"line":14,"column":0},"end":{"line":14,"column":36}},"14":{"start":{"line":15,"column":0},"end":{"line":15,"column":50}},"15":{"start":{"line":16,"column":0},"end":{"line":16,"column":73}},"16":{"start":{"line":17,"column":0},"end":{"line":17,"column":59}},"17":{"start":{"line":18,"column":0},"end":{"line":18,"column":43}},"18":{"start":{"line":19,"column":0},"end":{"line":19,"column":48}},"19":{"start":{"line":20,"column":0},"end":{"line":20,"column":40}},"20":{"start":{"line":21,"column":0},"end":{"line":21,"column":57}},"21":{"start":{"line":22,"column":0},"end":{"line":22,"column":73}},"22":{"start":{"line":23,"column":0},"end":{"line":23,"column":40}},"23":{"start":{"line":24,"column":0},"end":{"line":24,"column":44}},"24":{"start":{"line":25,"column":0},"end":{"line":25,"column":66}},"25":{"start":{"line":26,"column":0},"end":{"line":26,"column":23}},"26":{"start":{"line":27,"column":0},"end":{"line":27,"column":37}},"27":{"start":{"line":28,"column":0},"end":{"line":28,"column":20}},"28":{"start":{"line":29,"column":0},"end":{"line":29,"column":23}},"29":{"start":{"line":30,"column":0},"end":{"line":30,"column":10}},"30":{"start":{"line":31,"column":0},"end":{"line":31,"column":45}},"31":{"start":{"line":32,"column":0},"end":{"line":32,"column":40}},"32":{"start":{"line":33,"column":0},"end":{"line":33,"column":3}},"33":{"start":{"line":34,"column":0},"end":{"line":34,"column":2}},"34":{"start":{"line":35,"column":0},"end":{"line":35,"column":32}},"35":{"start":{"line":36,"column":0},"end":{"line":36,"column":56}},"36":{"start":{"line":37,"column":0},"end":{"line":37,"column":33}},"37":{"start":{"line":38,"column":0},"end":{"line":38,"column":16}},"38":{"start":{"line":39,"column":0},"end":{"line":39,"column":1}},"39":{"start":{"line":40,"column":0},"end":{"line":40,"column":0}},"40":{"start":{"line":41,"column":0},"end":{"line":41,"column":44}},"41":{"start":{"line":42,"column":0},"end":{"line":42,"column":38}},"42":{"start":{"line":43,"column":0},"end":{"line":43,"column":59}},"43":{"start":{"line":44,"column":0},"end":{"line":44,"column":50}},"44":{"start":{"line":45,"column":0},"end":{"line":45,"column":0}},"45":{"start":{"line":46,"column":0},"end":{"line":46,"column":41}},"46":{"start":{"line":47,"column":0},"end":{"line":47,"column":54}},"47":{"start":{"line":48,"column":0},"end":{"line":48,"column":56}},"48":{"start":{"line":49,"column":0},"end":{"line":49,"column":52}},"49":{"start":{"line":50,"column":0},"end":{"line":50,"column":0}},"50":{"start":{"line":51,"column":0},"end":{"line":51,"column":42}},"51":{"start":{"line":52,"column":0},"end":{"line":52,"column":44}},"52":{"start":{"line":53,"column":0},"end":{"line":53,"column":53}},"53":{"start":{"line":54,"column":0},"end":{"line":54,"column":48}}},"s":{"0":0,"1":0,"2":0,"3":0,"4":0,"5":0,"6":0,"7":0,"8":0,"9":0,"10":0,"11":0,"12":0,"13":0,"14":0,"15":0,"16":0,"17":0,"18":0,"19":0,"20":0,"21":0,"22":0,"23":0,"24":0,"25":0,"26":0,"27":0,"28":0,"29":0,"30":0,"31":0,"32":0,"33":0,"34":0,"35":0,"36":0,"37":0,"38":0,"39":0,"40":0,"41":0,"42":0,"43":0,"44":0,"45":0,"46":0,"47":0,"48":0,"49":0,"50":0,"51":0,"52":0,"53":0},"branchMap":{"0":{"type":"branch","line":1,"loc":{"start":{"line":1,"column":2103},"end":{"line":54,"column":48}},"locations":[{"start":{"line":1,"column":2103},"end":{"line":54,"column":48}}]}},"b":{"0":[0]},"fnMap":{"0":{"name":"(empty-report)","decl":{"start":{"line":1,"column":2103},"end":{"line":54,"column":48}},"loc":{"start":{"line":1,"column":2103},"end":{"line":54,"column":48}},"line":1}},"f":{"0":0}},"C:\\Users\\holge\\EU-VAT-Refund-Project\\vat-refund-app\\functions\\debug-keywords.js":{"path":"C:\\Users\\holge\\EU-VAT-Refund-Project\\vat-refund-app\\functions\\debug-keywords.js","all":true,"statementMap":{"0":{"start":{"line":1,"column":0},"end":{"line":1,"column":59}},"1":{"start":{"line":2,"column":0},"end":{"line":2,"column":0}},"2":{"start":{"line":3,"column":0},"end":{"line":3,"column":98}},"3":{"start":{"line":4,"column":0},"end":{"line":4,"column":0}},"4":{"start":{"line":5,"column":0},"end":{"line":5,"column":50}},"5":{"start":{"line":6,"column":0},"end":{"line":6,"column":41}},"6":{"start":{"line":7,"column":0},"end":{"line":7,"column":45}},"7":{"start":{"line":8,"column":0},"end":{"line":8,"column":2}},"8":{"start":{"line":9,"column":0},"end":{"line":9,"column":35}},"9":{"start":{"line":10,"column":0},"end":{"line":10,"column":14}},"10":{"start":{"line":11,"column":0},"end":{"line":11,"column":32}},"11":{"start":{"line":12,"column":0},"end":{"line":12,"column":55}},"12":{"start":{"line":13,"column":0},"end":{"line":13,"column":37}},"13":{"start":{"line":14,"column":0},"end":{"line":14,"column":12}},"14":{"start":{"line":15,"column":0},"end":{"line":15,"column":67}},"15":{"start":{"line":16,"column":0},"end":{"line":16,"column":56}},"16":{"start":{"line":17,"column":0},"end":{"line":17,"column":31}},"17":{"start":{"line":18,"column":0},"end":{"line":18,"column":5}},"18":{"start":{"line":19,"column":0},"end":{"line":19,"column":46}},"19":{"start":{"line":20,"column":0},"end":{"line":20,"column":27}},"20":{"start":{"line":21,"column":0},"end":{"line":21,"column":3}},"21":{"start":{"line":22,"column":0},"end":{"line":22,"column":15}},"22":{"start":{"line":23,"column":0},"end":{"line":23,"column":1}},"23":{"start":{"line":24,"column":0},"end":{"line":24,"column":0}},"24":{"start":{"line":25,"column":0},"end":{"line":25,"column":53}},"25":{"start":{"line":26,"column":0},"end":{"line":26,"column":86}},"26":{"start":{"line":27,"column":0},"end":{"line":27,"column":37}}},"s":{"0":0,"1":0,"2":0,"3":0,"4":0,"5":0,"6":0,"7":0,"8":0,"9":0,"10":0,"11":0,"12":0,"13":0,"14":0,"15":0,"16":0,"17":0,"18":0,"19":0,"20":0,"21":0,"22":0,"23":0,"24":0,"25":0,"26":0},"branchMap":{"0":{"type":"branch","line":1,"loc":{"start":{"line":1,"column":0},"end":{"line":27,"column":37}},"locations":[{"start":{"line":1,"column":0},"end":{"line":27,"column":37}}]}},"b":{"0":[0]},"fnMap":{"0":{"name":"(empty-report)","decl":{"start":{"line":1,"column":0},"end":{"line":27,"column":37}},"loc":{"start":{"line":1,"column":0},"end":{"line":27,"column":37}},"line":1}},"f":{"0":0}},"C:\\Users\\holge\\EU-VAT-Refund-Project\\vat-refund-app\\functions\\test-validation.js":{"path":"C:\\Users\\holge\\EU-VAT-Refund-Project\\vat-refund-app\\functions\\test-validation.js","all":true,"statementMap":{"0":{"start":{"line":1,"column":0},"end":{"line":1,"column":3}},"1":{"start":{"line":2,"column":0},"end":{"line":2,"column":46}},"2":{"start":{"line":3,"column":0},"end":{"line":3,"column":36}},"3":{"start":{"line":4,"column":0},"end":{"line":4,"column":3}},"4":{"start":{"line":5,"column":0},"end":{"line":5,"column":0}},"5":{"start":{"line":6,"column":0},"end":{"line":6,"column":84}},"6":{"start":{"line":7,"column":0},"end":{"line":7,"column":0}},"7":{"start":{"line":8,"column":0},"end":{"line":8,"column":59}},"8":{"start":{"line":9,"column":0},"end":{"line":9,"column":0}},"9":{"start":{"line":10,"column":0},"end":{"line":10,"column":13}},"10":{"start":{"line":11,"column":0},"end":{"line":11,"column":19}},"11":{"start":{"line":12,"column":0},"end":{"line":12,"column":17}},"12":{"start":{"line":13,"column":0},"end":{"line":13,"column":3}},"13":{"start":{"line":14,"column":0},"end":{"line":14,"column":36}},"14":{"start":{"line":15,"column":0},"end":{"line":15,"column":62}},"15":{"start":{"line":16,"column":0},"end":{"line":16,"column":20}},"16":{"start":{"line":17,"column":0},"end":{"line":17,"column":4}},"17":{"start":{"line":18,"column":0},"end":{"line":18,"column":3}},"18":{"start":{"line":19,"column":0},"end":{"line":19,"column":37}},"19":{"start":{"line":20,"column":0},"end":{"line":20,"column":62}},"20":{"start":{"line":21,"column":0},"end":{"line":21,"column":20}},"21":{"start":{"line":22,"column":0},"end":{"line":22,"column":4}},"22":{"start":{"line":23,"column":0},"end":{"line":23,"column":3}},"23":{"start":{"line":24,"column":0},"end":{"line":24,"column":32}},"24":{"start":{"line":25,"column":0},"end":{"line":25,"column":85}},"25":{"start":{"line":26,"column":0},"end":{"line":26,"column":20}},"26":{"start":{"line":27,"column":0},"end":{"line":27,"column":4}},"27":{"start":{"line":28,"column":0},"end":{"line":28,"column":2}},"28":{"start":{"line":29,"column":0},"end":{"line":29,"column":19}},"29":{"start":{"line":30,"column":0},"end":{"line":30,"column":3}},"30":{"start":{"line":31,"column":0},"end":{"line":31,"column":34}},"31":{"start":{"line":32,"column":0},"end":{"line":32,"column":61}},"32":{"start":{"line":33,"column":0},"end":{"line":33,"column":21}},"33":{"start":{"line":34,"column":0},"end":{"line":34,"column":4}},"34":{"start":{"line":35,"column":0},"end":{"line":35,"column":3}},"35":{"start":{"line":36,"column":0},"end":{"line":36,"column":33}},"36":{"start":{"line":37,"column":0},"end":{"line":37,"column":62}},"37":{"start":{"line":38,"column":0},"end":{"line":38,"column":21}},"38":{"start":{"line":39,"column":0},"end":{"line":39,"column":4}},"39":{"start":{"line":40,"column":0},"end":{"line":40,"column":3}},"40":{"start":{"line":41,"column":0},"end":{"line":41,"column":36}},"41":{"start":{"line":42,"column":0},"end":{"line":42,"column":43}},"42":{"start":{"line":43,"column":0},"end":{"line":43,"column":21}},"43":{"start":{"line":44,"column":0},"end":{"line":44,"column":4}},"44":{"start":{"line":45,"column":0},"end":{"line":45,"column":3}},"45":{"start":{"line":46,"column":0},"end":{"line":46,"column":28}},"46":{"start":{"line":47,"column":0},"end":{"line":47,"column":62}},"47":{"start":{"line":48,"column":0},"end":{"line":48,"column":21}},"48":{"start":{"line":49,"column":0},"end":{"line":49,"column":4}},"49":{"start":{"line":50,"column":0},"end":{"line":50,"column":3}},"50":{"start":{"line":51,"column":0},"end":{"line":51,"column":27}},"51":{"start":{"line":52,"column":0},"end":{"line":52,"column":76}},"52":{"start":{"line":53,"column":0},"end":{"line":53,"column":21}},"53":{"start":{"line":54,"column":0},"end":{"line":54,"column":3}},"54":{"start":{"line":55,"column":0},"end":{"line":55,"column":2}},"55":{"start":{"line":56,"column":0},"end":{"line":56,"column":0}},"56":{"start":{"line":57,"column":0},"end":{"line":57,"column":12}},"57":{"start":{"line":58,"column":0},"end":{"line":58,"column":15}},"58":{"start":{"line":59,"column":0},"end":{"line":59,"column":15}},"59":{"start":{"line":60,"column":0},"end":{"line":60,"column":0}},"60":{"start":{"line":61,"column":0},"end":{"line":61,"column":40}},"61":{"start":{"line":62,"column":0},"end":{"line":62,"column":7}},"62":{"start":{"line":63,"column":0},"end":{"line":63,"column":59}},"63":{"start":{"line":64,"column":0},"end":{"line":64,"column":4}},"64":{"start":{"line":65,"column":0},"end":{"line":65,"column":30}},"65":{"start":{"line":66,"column":0},"end":{"line":66,"column":68}},"66":{"start":{"line":67,"column":0},"end":{"line":67,"column":60}},"67":{"start":{"line":68,"column":0},"end":{"line":68,"column":15}},"68":{"start":{"line":69,"column":0},"end":{"line":69,"column":12}},"69":{"start":{"line":70,"column":0},"end":{"line":70,"column":95}},"70":{"start":{"line":71,"column":0},"end":{"line":71,"column":71}},"71":{"start":{"line":72,"column":0},"end":{"line":72,"column":15}},"72":{"start":{"line":73,"column":0},"end":{"line":73,"column":5}},"73":{"start":{"line":74,"column":0},"end":{"line":74,"column":19}},"74":{"start":{"line":75,"column":0},"end":{"line":75,"column":31}},"75":{"start":{"line":76,"column":0},"end":{"line":76,"column":89}},"76":{"start":{"line":77,"column":0},"end":{"line":77,"column":50}},"77":{"start":{"line":78,"column":0},"end":{"line":78,"column":15}},"78":{"start":{"line":79,"column":0},"end":{"line":79,"column":12}},"79":{"start":{"line":80,"column":0},"end":{"line":80,"column":87}},"80":{"start":{"line":81,"column":0},"end":{"line":81,"column":50}},"81":{"start":{"line":82,"column":0},"end":{"line":82,"column":15}},"82":{"start":{"line":83,"column":0},"end":{"line":83,"column":5}},"83":{"start":{"line":84,"column":0},"end":{"line":84,"column":3}},"84":{"start":{"line":85,"column":0},"end":{"line":85,"column":3}},"85":{"start":{"line":86,"column":0},"end":{"line":86,"column":0}},"86":{"start":{"line
[...]
lumn":0},"end":{"line":150,"column":26}},"150":{"start":{"line":151,"column":0},"end":{"line":151,"column":14}},"151":{"start":{"line":152,"column":0},"end":{"line":152,"column":46}},"152":{"start":{"line":153,"column":0},"end":{"line":153,"column":55}},"153":{"start":{"line":154,"column":0},"end":{"line":154,"column":4}},"155":{"start":{"line":156,"column":0},"end":{"line":156,"column":40}},"156":{"start":{"line":157,"column":0},"end":{"line":157,"column":75}},"157":{"start":{"line":158,"column":0},"end":{"line":158,"column":65}},"158":{"start":{"line":159,"column":0},"end":{"line":159,"column":3}},"160":{"start":{"line":161,"column":0},"end":{"line":161,"column":14}},"161":{"start":{"line":162,"column":0},"end":{"line":162,"column":58}},"162":{"start":{"line":163,"column":0},"end":{"line":163,"column":49}},"163":{"start":{"line":164,"column":0},"end":{"line":164,"column":4}},"166":{"start":{"line":167,"column":0},"end":{"line":167,"column":43}},"167":{"start":{"line":168,"column":0},"end":{"line":168,"column":43}},"168":{"start":{"line":169,"column":0},"end":{"line":169,"column":69}},"169":{"start":{"line":170,"column":0},"end":{"line":170,"column":3}},"170":{"start":{"line":171,"column":0},"end":{"line":171,"column":41}},"173":{"start":{"line":174,"column":0},"end":{"line":174,"column":48}},"174":{"start":{"line":175,"column":0},"end":{"line":175,"column":17}},"175":{"start":{"line":176,"column":0},"end":{"line":176,"column":4}},"178":{"start":{"line":179,"column":0},"end":{"line":179,"column":43}},"179":{"start":{"line":180,"column":0},"end":{"line":180,"column":35}},"180":{"start":{"line":181,"column":0},"end":{"line":181,"column":42}},"182":{"start":{"line":183,"column":0},"end":{"line":183,"column":82}},"184":{"start":{"line":185,"column":0},"end":{"line":185,"column":25}},"185":{"start":{"line":186,"column":0},"end":{"line":186,"column":24}},"186":{"start":{"line":187,"column":0},"end":{"line":187,"column":45}},"187":{"start":{"line":188,"column":0},"end":{"line":188,"column":14}},"189":{"start":{"line":190,"column":0},"end":{"line":190,"column":26}},"190":{"start":{"line":191,"column":0},"end":{"line":191,"column":47}},"191":{"start":{"line":192,"column":0},"end":{"line":192,"column":14}},"193":{"start":{"line":194,"column":0},"end":{"line":194,"column":28}},"194":{"start":{"line":195,"column":0},"end":{"line":195,"column":49}},"195":{"start":{"line":196,"column":0},"end":{"line":196,"column":72}},"196":{"start":{"line":197,"column":0},"end":{"line":197,"column":14}},"197":{"start":{"line":198,"column":0},"end":{"line":198,"column":7}},"199":{"start":{"line":200,"column":0},"end":{"line":200,"column":22}},"200":{"start":{"line":201,"column":0},"end":{"line":201,"column":44}},"201":{"start":{"line":202,"column":0},"end":{"line":202,"column":14}},"203":{"start":{"line":204,"column":0},"end":{"line":204,"column":27}},"204":{"start":{"line":205,"column":0},"end":{"line":205,"column":48}},"205":{"start":{"line":206,"column":0},"end":{"line":206,"column":14}},"207":{"start":{"line":208,"column":0},"end":{"line":208,"column":26}},"208":{"start":{"line":209,"column":0},"end":{"line":209,"column":49}},"209":{"start":{"line":210,"column":0},"end":{"line":210,"column":70}},"210":{"start":{"line":211,"column":0},"end":{"line":211,"column":14}},"211":{"start":{"line":212,"column":0},"end":{"line":212,"column":7}},"213":{"start":{"line":214,"column":0},"end":{"line":214,"column":26}},"214":{"start":{"line":215,"column":0},"end":{"line":215,"column":49}},"215":{"start":{"line":216,"column":0},"end":{"line":216,"column":70}},"216":{"start":{"line":217,"column":0},"end":{"line":217,"column":14}},"217":{"start":{"line":218,"column":0},"end":{"line":218,"column":7}},"219":{"start":{"line":220,"column":0},"end":{"line":220,"column":25}},"221":{"start":{"line":222,"column":0},"end":{"line":222,"column":51}},"222":{"start":{"line":223,"column":0},"end":{"line":223,"column":38}},"223":{"start":{"line":224,"column":0},"end":{"line":224,"column":35}},"224":{"start":{"line":225,"column":0},"end":{"line":225,"column":44}},"225":{"start":{"line":226,"column":0},"end":{"line":226,"column":40}},"226":{"start":{"line":227,"column":0},"end":{"line":227,"column":36}},"227":{"start":{"line":228,"column":0},"end":{"line":228,"column":40}},"228":{"start":{"line":229,"column":0},"end":{"line":229,"column":44}},"230":{"start":{"line":231,"column":0},"end":{"line":231,"column":29}},"231":{"start":{"line":232,"column":0},"end":{"line":232,"column":36}},"232":{"start":{"line":233,"column":0},"end":{"line":233,"column":26}},"233":{"start":{"line":234,"column":0},"end":{"line":234,"column":31}},"234":{"start":{"line":235,"column":0},"end":{"line":235,"column":11}},"235":{"start":{"line":236,"column":0},"end":{"line":236,"column":14}},"236":{"start":{"line":237,"column":0},"end":{"line":237,"column":7}},"238":{"start":{"line":239,"column":0},"end":{"line":239,"column":16}},"240":{"start":{"line":241,"column":0},"end":{"line":241,"column":41}},"241":{"start":{"line":242,"column":0},"end":{"line":242,"column":41}},"242":{"start":{"line":243,"column":0},"end":{"line":243,"column":9}},"243":{"start":{"line":244,"column":0},"end":{"line":244,"column":59}},"244":{"start":{"line":245,"column":0},"end":{"line":245,"column":14}},"245":{"start":{"line":246,"column":0},"end":{"line":246,"column":7}},"246":{"start":{"line":247,"column":0},"end":{"line":247,"column":5}},"247":{"start":{"line":248,"column":0},"end":{"line":248,"column":3}},"249":{"start":{"line":250,"column":0},"end":{"line":250,"column":14}},"250":{"start":{"line":251,"column":0},"end":{"line":251,"column":48}},"251":{"start":{"line":252,"column":0},"end":{"line":252,"column":6}},"252":{"start":{"line":253,"column":0},"end":{"line":253,"column":15}},"253":{"start":{"line":254,"column":0},"end":{"line":254,"column":41}},"254":{"start":{"line":255,"column":0},"end":{"line":255,"column":47}},"255":{"start":{"line":256,"column":0},"end":{"line":256,"column":45}},"256":{"start":{"line":257,"column":0},"end":{"line":257,"column":51}},"257":{"start":{"line":258,"column":0},"end":{"line":258,"column":5}},"258":{"start":{"line":259,"column":0},"end":{"line":259,"column":4}},"260":{"start":{"line":261,"column":0},"end":{"line":261,"column":23}},"261":{"start":{"line":262,"column":0},"end":{"line":262,"column":1}}},"s":{"5":0,"63":0,"64":0,"67":0,"70":0,"71":0,"74":0,"76":0,"77":0,"79":0,"80":0,"82":0,"83":0,"86":0,"89":0,"91":0,"92":0,"94":0,"95":0,"96":0,"101":0,"103":0,"104":0,"105":0,"106":0,"107":0,"108":0,"109":0,"112":0,"113":0,"114":0,"115":0,"118":0,"119":0,"120":0,"121":0,"122":0,"125":0,"126":0,"127":0,"128":0,"129":0,"130":0,"132":0,"133":0,"134":0,"135":0,"136":0,"137":0,"138":0,"140":0,"141":0,"146":0,"147":0,"148":0,"149":0,"150":0,"151":0,"152":0,"153":0,"155":0,"156":0,"157":0,"158":0,"160":0,"161":0,"162":0,"163":0,"166":0,"167":0,"168":0,"169":0,"170":0,"173":0,"174":0,"175":0,"178":0,"179":0,"180":0,"182":0,"184":0,"185":0,"186":0,"187":0,"189":0,"190":0,"191":0,"193":0,"194":0,"195":0,"196":0,"197":0,"199":0,"200":0,"201":0,"203":0,"204":0,"205":0,"207":0,"208":0,"209":0,"210":0,"211":0,"213":0,"214":0,"215":0,"216":0,"217":0,"219":0,"221":0,"222":0,"223":0,"224":0,"225":0,"226":0,"227":0,"228":0,"230":0,"231":0,"232":0,"233":0,"234":0,"235":0,"236":0,"238":0,"240":0,"241":0,"242":0,"243":0,"244":0,"245":0,"246":0,"247":0,"249":0,"250":0,"251":0,"252":0,"253":0,"254":0,"255":0,"256":0,"257":0,"258":0,"260":0,"261":0},"branchMap":{"0":{"type":"branch","line":1,"loc":{"start":{"line":1,"column":7792},"end":{"line":262,"column":1}},"locations":[{"start":{"line":1,"column":7792},"end":{"line":262,"column":1}}]}},"b":{"0":[1]},"fnMap":{"0":{"name":"(empty-report)","decl":{"start":{"line":1,"column":7792},"end":{"line":262,"column":1}},"loc":{"start":{"line":1,"column":7792},"end":{"line":262,"column":1}},"line":1}},"f":{"0":1}},"C:\\Users\\holge\\EU-VAT-Refund-Project\\vat-refund-app\\functions\\src\\rules\\refundabilityRules.ts":{"path":"C:\\Users\\holge\\EU-VAT-Refund-Project\\vat-refund-app\\functions\\src\\rules\\refundabilityRules.ts","all":true,"statementMap":{"5":{"start":{"line":6,"column":0},"end":{"line":6,"column":52}},"20":{"start":{"line":21,"column":0},"end":{"line":21,"column":29}},"21":{"start":{"line":22,"column":0},"end":{"line":22,"column":34}},"22":{"start":{"line":23,"column":0},"end":{"line":23,"column":35}},"23":{"start":{"line":24,"column":0},"end":{"line":24,"column":28}},"24":{"start":{"line":25,"column":0},"end":{"line":25,"column":32}},"25":{"start":{"line":26,"column":0},"end":{"line":26,"column":40}},"26":{"start":{"line":27,"column":0},"end":{"line":27,"column":34}},"27":{"start":{"line":28,"column":0},"end":{"line":28,"column":29}},"28":{"start":{"line":29,"column":0},"end":{"line":29,"column":30}},"29":{"start":{"line":30,"column":0},"end":{"line":30,"column":35}},"30":{"start":{"line":31,"column":0},"end":{"line":31,"column":11}},"35":{"start":{"line":36,"column":0},"end":{"line":36,"column":33}},"36":{"start":{"line":37,"column":0},"end":{"line":37,"column":127}},"37":{"start":{"line":38,"column":0},"end":{"line":38,"column":79}},"38":{"start":{"line":39,"column":0},"end":{"line":39,"column":61}},"39":{"start":{"line":40,"column":0},"end":{"line":40,"column":11}},"45":{"start":{"line":46,"column":0},"end":{"line":46,"column":31}},"46":{"start":{"line":47,"column":0},"end":{"line":47,"column":19}},"47":{"start":{"line":48,"column":0},"end":{"line":48,"column":122}},"48":{"start":{"line":49,"column":0},"end":{"line":49,"column":43}},"49":{"start":{"line":50,"column":0},"end":{"line":50,"column":51}},"50":{"start":{"line":51,"column":0},"end":{"line":51,"column":4}},"51":{"start":{"line":52,"column":0},"end":{"line":52,"column":18}},"52":{"start":{"line":53,"column":0},"end":{"line":53,"column":75}},"53":{"start":{"line":54,"column":0},"end":{"line":54,"column":48}},"54":{"start":{"line":55,"column":0},"end":{"line":55,"column":50}},"55":{"start":{"line":56,"column":0},"end":{"line":56,"column":4}},"56":{"start":{"line":57,"column":0},"end":{"line":57,"column":9}},"57":{"start":{"line":58,"column":0},"end":{"line":58,"column":62}},"58":{"start":{"line":59,"column":0},"end":{"line":59,"column":42}},"59":{"start":{"line":60,"column":0},"end":{"line":60,"column":41}},"60":{"start":{"line":61,"column":0},"end":{"line":61,"column":4}},"61":{"start":{"line":62,"column":0},"end":{"line":62,"column":10}},"62":{"start":{"line":63,"column":0},"end":{"line":63,"column":151}},"63":{"start":{"line":64,"column":0},"end":{"line":64,"column":48}},"64":{"start":{"line":65,"column":0},"end":{"line":65,"column":43}},"65":{"start":{"line":66,"column":0},"end":{"line":66,"column":4}},"66":{"start":{"line":67,"column":0},"end":{"line":67,"column":13}},"67":{"start":{"line":68,"column":0},"end":{"line":68,"column":173}},"68":{"start":{"line":69,"column":0},"end":{"line":69,"column":46}},"69":{"start":{"line":70,"column":0},"end":{"line":70,"column":62}},"70":{"start":{"line":71,"column":0},"end":{"line":71,"column":4}},"71":{"start":{"line":72,"column":0},"end":{"line":72,"column":26}},"72":{"start":{"line":73,"column":0},"end":{"line":73,"column":190}},"73":{"start":{"line":74,"column":0},"end":{"line":74,"column":50}},"74":{"start":{"line":75,"column":0},"end":{"line":75,"column":50}},"75":{"start":{"line":76,"column":0},"end":{"line":76,"column":4}},"76":{"start":{"line":77,"column":0},"end":{"line":77,"column":20}},"77":{"start":{"line":78,"column":0},"end":{"line":78,"column":88}},"78":{"start":{"line":79,"column":0},"end":{"line":79,"column":44}},"79":{"start":{"line":80,"column":0},"end":{"line":80,"column":44}},"80":{"start":{"line":81,"column":0},"end":{"line":81,"column":3}},"81":{"start":{"line":82,"column":0},"end":{"line":82,"column":11}},"87":{"start":{"line":88,"column":0},"end":{"line":88,"column":86}},"88":{"start":{"line":89,"column":0},"end":{"line":89,"column":41}},"89":{"start":{"line":90,"column":0},"end":{"line":90,"column":35}},"91":{"start":{"line":92,"column":0},"end":{"line":92,"column":32}},"93":{"start":{"line":94,"column":0},"end":{"line":94,"column":36}},"94":{"start":{"line":95,"column":0},"end":{"line":95,"column":12}},"96":{"start":{"line":97,"column":0},"end":{"line":97,"column":56}},"97":{"start":{"line":98,"column":0},"end":{"line":98,"column":30}},"98":{"start":{"line":99,"column":0},"end":{"line":99,"column":5}},"99":{"start":{"line":100,"column":0},"end":{"line":100,"column":5}},"100":{"start":{"line":101,"column":0},"end":{"line":101,"column":1}},"105":{"start":{"line":106,"column":0},"end":{"line":106,"column":78}},"106":{"start":{"line":107,"column":0},"end":{"line":107,"column":66}},"108":{"start":{"line":109,"column":0},"end":{"line":109,"column":41}},"111":{"start":{"line":112,"column":0},"end":{"line":112,"column":64}},"112":{"start":{"line":113,"column":0},"end":{"line":113,"column":12}},"113":{"start":{"line":114,"column":0},"end":{"line":114,"column":26}},"114":{"start":{"line":115,"column":0},"end":{"line":115,"column":22}},"115":{"start":{"line":116,"column":0},"end":{"line":116,"column":85}},"116":{"start":{"line":117,"column":0},"end":{"line":117,"column":6}},"117":{"start":{"line":118,"column":0},"end":{"line":118,"column":3}},"119":{"start":{"line":120,"column":0},"end":{"line":120,"column":70}},"120":{"start":{"line":121,"column":0},"end":{"line":121,"column":12}},"121":{"start":{"line":122,"column":0},"end":{"line":122,"column":26}},"122":{"start":{"line":123,"column":0},"end":{"line":123,"column":22}},"123":{"start":{"line":124,"column":0},"end":{"line":124,"column":92}},"124":{"start":{"line":125,"column":0},"end":{"line":125,"column":6}},"125":{"start":{"line":126,"column":0},"end":{"line":126,"column":3}},"127":{"start":{"line":128,"column":0},"end":{"line":128,"column":67}},"128":{"start":{"line":129,"column":0},"end":{"line":129,"column":12}},"129":{"start":{"line":130,"column":0},"end":{"line":130,"column":26}},"130":{"start":{"line":131,"column":0},"end":{"line":131,"column":22}},"131":{"start":{"line":132,"column":0},"end":{"line":132,"column":84}},"132":{"start":{"line":133,"column":0},"end":{"line":133,"column":6}},"133":{"start":{"line":134,"column":0},"end":{"line":134,"column":3}},"136":{"start":{"line":137,"column":0},"end":{"line":137,"column":81}},"137":{"start":{"line":138,"column":0},"end":{"line":138,"column":52}},"138":{"start":{"line":139,"column":0},"end":{"line":139,"column":54}},"139":{"start":{"line":140,"column":0},"end":{"line":140,"column":21}},"140":{"start":{"line":141,"column":0},"end":{"line":141,"column":32}},"141":{"start":{"line":142,"column":0},"end":{"line":142,"column":38}},"142":{"start":{"line":143,"column":0},"end":{"line":143,"column":9}},"144":{"start":{"line":145,"column":0},"end":{"line":145,"column":14}},"145":{"start":{"line":146,"column":0},"end":{"line":146,"column":27}},"146":{"start":{"line":147,"column":0},"end":{"line":147,"column":38}},"147":{"start":{"line":148,"column":0},"end":{"line":148,"column":31}},"148":{"start":{"line":149,"column":0},"end":{"line":149,"column":8}},"149":{"start":{"line":150,"column":0},"end":{"line":150,"column":5}},"150":{"start":{"line":151,"column":0},"end":{"line":151,"column":3}},"153":{"start":{"line":154,"column":0},"end":{"line":154,"column":79}},"155":{"start":{"line":156,"column":0},"end":{"line":156,"column":10}},"156":{"start":{"line":157,"column":0},"end":{"line":157,"column":23}},"157":{"start":{"line":158,"column":0},"end":{"line":158,"column":54}},"158":{"start":{"line":159,"column":0},"end":{"line":159,"column":76}},"159":{"start":{"line":160,"column":0},"end":{"line":160,"column":4}},"160":{"start":{"line":161,"column":0},"end":{"line":161,"column":1}},"165":{"start":{"line":166,"column":0},"end":{"line":166,"column":51}},"174":{"start":{"line":175,"column":0},"end":{"line":175,"column":3}},"175":{"start":{"line":176,"column":0},"end":{"line":176,"column":70}},"177":{"start":{"line":178,"column":0},"end":{"line":178,"column":18}},"178":{"start":{"line":179,"column":0},"end":{"line":179,"column":50}},"179":{"start":{"line":180,"column":0},"end":{"line":180,"column":82}},"180":{"start":{"line":181,"column":0},"end":{"line":181,"column":44}},"181":{"start":{"line":182,"column":0},"end":{"line":182,"column":46}},"182":{"start":{"line":183,"column":0},"end":{"line":183,"column":4}},"184":{"start":{"line":185,"column":0},"end":{"line":185,"column":46}},"185":{"start":{"line":186,"column":0},"end":{"line":186,"column":38}},"186":{"start":{"line":187,"column":0},"end":{"line":187,"column":34}},"187":{"start":{"line":188,"column":0},"end":{"line":188,"column":10}},"188":{"start":{"line":189,"column":0},"end":{"line":189,"column":5}},"190":{"start":{"line":191,"column":0},"end":{"line":191,"column":16}},"191":{"start":{"line":192,"column":0},"end":{"line":192,"column":1}},"196":{"start":{"line":197,"column":0},"end":{"line":197,"column":66}},"197":{"start":{"line":198,"column":0},"end":{"line":198,"column":29}},"198":{"start":{"line":199,"column":0},"end":{"line":199,"column":1}},"203":{"start":{"line":204,"column":0},"end":{"line":204,"column":57}},"204":{"start":{"line":205,"column":0},"end":{"line":205,"column":59}},"205":{"start":{"line":206,"column":0},"end":{"line":206,"column":1}}},"s":{"5":0,"20":0,"21":0,"22":0,"23":0,"24":0,"25":0,"26":0,"27":0,"28":0,"29":0,"30":0,"35":0,"36":0,"37":0,"38":0,"39":0,"45":0,"46":0,"47":0,"48":0,"49":0,"50":0,"51":0,"52":0,"53":0,"54":0,"55":0,"56":0,"57":0,"58":0,"59":0,"60":0,"61":0,"62":0,"63":0,"64":0,"65":0,"66":0,"67":0,"68":0,"69":0,"70":0,"71":0,"72":0,"73":0,"74":0,"75":0,"76":0,"77":0,"78":0,"79":0,"80":0,"81":0,"87":0,"88":0,"89":0,"91":0,"93":0,"94":0,"96":0,"97":0,"98":0,"99":0,"100":0,"105":0,"106":0,"108":0,"111":0,"112":0,"113":0,"114":0,"115":0,"116":0,"117":0,"119":0,"120":0,"121":0,"122":0,"123":0,"124":0,"125":0,"127":0,"128":0,"129":0,"130":0,"131":0,"132":0,"133":0,"136":0,"137":0,"138":0,"139":0,"140":0,"141":0,"142":0,"144":0,"145":0,"146":0,"147":0,"148":0,"149":0,"150":0,"153":0,"155":0,"156":0,"157":0,"158":0,"159":0,"160":0,"165":0,"174":0,"175":0,"177":0,"178":0,"179":0,"180":0,"181":0,"182":0,"184":0,"185":0,"186":0,"187":0,"188":0,"190":0,"191":0,"196":0,"197":0,"198":0,"203":0,"204":0,"205":0},"branchMap":{"0":{"type":"branch","line":1,"loc":{"start":{"line":1,"column":6948},"end":{"line":206,"column":1}},"locations":[{"start":{"line":1,"column":6948},"end":{"line":206,"column":1}}]}},"b":{"0":[1]},"fnMap":{"0":{"name":"(empty-report)","decl":{"start":{"line":1,"column":6948},"end":{"line":206,"column":1}},"loc":{"start":{"line":1,"column":6948},"end":{"line":206,"column":1}},"line":1}},"f":{"0":1}},"C:\\Users\\holge\\EU-VAT-Refund-Project\\vat-refund-app\\functions\\frontend\\src\\vite-env.d.ts":{"path":"C:\\Users\\holge\\EU-VAT-Refund-Project\\vat-refund-app\\functions\\frontend\\src\\vite-env.d.ts","all":true,"statementMap":{},"s":{},"branchMap":{"0":{"type":"branch","line":1,"loc":{"start":{"line":1,"column":37},"end":{"line":1,"column":37}},"locations":[{"start":{"line":1,"column":37},"end":{"line":1,"column":37}}]}},"b":{"0":[1]},"fnMap":{"0":{"name":"(empty-report)","decl":{"start":{"line":1,"column":37},"end":{"line":1,"column":37}},"loc":{"start":{"line":1,"column":37},"end":{"line":1,"column":37}},"line":1}},"f":{"0":1}},"C:\\Users\\holge\\EU-VAT-Refund-Project\\vat-refund-app\\functions\\src\\models\\types.ts":{"path":"C:\\Users\\holge\\EU-VAT-Refund-Project\\vat-refund-app\\functions\\src\\models\\types.ts","all":true,"statementMap":{},"s":{},"branchMap":{"0":{"type":"branch","line":1,"loc":{"start":{"line":1,"column":3673},"end":{"line":138,"column":1}},"locations":[{"start":{"line":1,"column":3673},"end":{"line":138,"column":1}}]}},"b":{"0":[1]},"fnMap":{"0":{"name":"(empty-report)","decl":{"start":{"line":1,"column":3673},"end":{"line":138,"column":1}},"loc":{"start":{"line":1,"column":3673},"end":{"line":138,"column":1}},"line":1}},"f":{"0":1}}}}